[9.535s] Invoking command in '/thesis_project/robotgym_ws/src/ti_rlsk_pkg': PYTHONPATH=/thesis_project/robotgym_ws/build/ti_rlsk_pkg/prefix_override:/thesis_project/robotgym_ws/install/ti_rlsk_pkg/lib/python3.10/site-packages:${PYTHONPATH} /usr/bin/python3 -W ignore:setup.py install is deprecated setup.py egg_info --egg-base ../../build/ti_rlsk_pkg build --build-base /thesis_project/robotgym_ws/build/ti_rlsk_pkg/build install --record /thesis_project/robotgym_ws/build/ti_rlsk_pkg/install.log --single-version-externally-managed install_data
[13.896s] running egg_info
[13.912s] writing ../../build/ti_rlsk_pkg/ti_rlsk_pkg.egg-info/PKG-INFO
[13.931s] writing dependency_links to ../../build/ti_rlsk_pkg/ti_rlsk_pkg.egg-info/dependency_links.txt
[13.946s] writing entry points to ../../build/ti_rlsk_pkg/ti_rlsk_pkg.egg-info/entry_points.txt
[13.958s] writing requirements to ../../build/ti_rlsk_pkg/ti_rlsk_pkg.egg-info/requires.txt
[13.967s] writing top-level names to ../../build/ti_rlsk_pkg/ti_rlsk_pkg.egg-info/top_level.txt
[14.079s] reading manifest file '../../build/ti_rlsk_pkg/ti_rlsk_pkg.egg-info/SOURCES.txt'
[14.268s] writing manifest file '../../build/ti_rlsk_pkg/ti_rlsk_pkg.egg-info/SOURCES.txt'
[14.276s] running build
[14.278s] running build_py
[14.311s] copying ti_rlsk_pkg/move_robot_action.py -> /thesis_project/robotgym_ws/build/ti_rlsk_pkg/build/lib/ti_rlsk_pkg
[14.505s] running install
[14.507s] running install_lib
[14.594s] copying /thesis_project/robotgym_ws/build/ti_rlsk_pkg/build/lib/ti_rlsk_pkg/move_robot_action.py -> /thesis_project/robotgym_ws/install/ti_rlsk_pkg/lib/python3.10/site-packages/ti_rlsk_pkg
[14.964s] byte-compiling /thesis_project/robotgym_ws/install/ti_rlsk_pkg/lib/python3.10/site-packages/ti_rlsk_pkg/move_robot_action.py to move_robot_action.cpython-310.pyc
[15.230s] running install_data
[15.353s] running install_egg_info
[15.392s] removing '/thesis_project/robotgym_ws/install/ti_rlsk_pkg/lib/python3.10/site-packages/ti_rlsk_pkg-0.0.1-py3.10.egg-info' (and everything under it)
[15.512s] Copying ../../build/ti_rlsk_pkg/ti_rlsk_pkg.egg-info to /thesis_project/robotgym_ws/install/ti_rlsk_pkg/lib/python3.10/site-packages/ti_rlsk_pkg-0.0.1-py3.10.egg-info
[16.091s] running install_scripts
[16.443s] Installing move_robot_action_server script to /thesis_project/robotgym_ws/install/ti_rlsk_pkg/lib/ti_rlsk_pkg
[16.471s] Installing ti_rlsk_node script to /thesis_project/robotgym_ws/install/ti_rlsk_pkg/lib/ti_rlsk_pkg
[16.507s] writing list of installed files to '/thesis_project/robotgym_ws/build/ti_rlsk_pkg/install.log'
[16.582s] Invoked command in '/thesis_project/robotgym_ws/src/ti_rlsk_pkg' returned '0': PYTHONPATH=/thesis_project/robotgym_ws/build/ti_rlsk_pkg/prefix_override:/thesis_project/robotgym_ws/install/ti_rlsk_pkg/lib/python3.10/site-packages:${PYTHONPATH} /usr/bin/python3 -W ignore:setup.py install is deprecated setup.py egg_info --egg-base ../../build/ti_rlsk_pkg build --build-base /thesis_project/robotgym_ws/build/ti_rlsk_pkg/build install --record /thesis_project/robotgym_ws/build/ti_rlsk_pkg/install.log --single-version-externally-managed install_data
