[0.129s] Invoking command in '/thesis_project/build/ti_rlsk_description': CMAKE_PREFIX_PATH=/opt/ros/iron /usr/bin/cmake /thesis_project/simulation_ws/src/ti_rlsk_description -DAMENT_CMAKE_SYMLINK_INSTALL=1 -DCMAKE_INSTALL_PREFIX=/thesis_project/install/ti_rlsk_description
[0.655s] -- The C compiler identification is GNU 11.4.0
[1.313s] -- The CXX compiler identification is GNU 11.4.0
[1.434s] -- Detecting C compiler ABI info
[3.469s] -- Detecting C compiler ABI info - done
[3.531s] -- Check for working C compiler: /usr/bin/cc - skipped
[3.534s] -- Detecting C compile features
[3.543s] -- Detecting C compile features - done
[3.720s] -- Detecting CXX compiler ABI info
[5.712s] -- Detecting CXX compiler ABI info - done
[5.883s] -- Check for working CXX compiler: /usr/bin/c++ - skipped
[5.890s] -- Detecting CXX compile features
[5.893s] -- Detecting CXX compile features - done
[6.121s] -- Found ament_cmake: 2.0.4 (/opt/ros/iron/share/ament_cmake/cmake)
[6.684s] -- Found Python3: /usr/bin/python3.10 (found version "3.10.12") found components: Interpreter 
[7.186s] -- Override CMake install command with custom implementation using symlinks instead of copying resources
[7.666s] -- Found ament_lint_auto: 0.14.3 (/opt/ros/iron/share/ament_lint_auto/cmake)
[9.293s] -- Added test 'flake8' to check Python code syntax and style conventions
[9.295s] -- Configured 'flake8' exclude dirs and/or files: 
[9.448s] -- Added test 'lint_cmake' to check CMake code style
[9.539s] -- Added test 'pep257' to check Python code against some of the docstring style conventions in PEP 257
[10.323s] -- Added test 'xmllint' to check XML markup files
[10.573s] -- Configuring done
[11.164s] -- Generating done
[11.278s] -- Build files have been written to: /thesis_project/build/ti_rlsk_description
[11.285s] Invoked command in '/thesis_project/build/ti_rlsk_description' returned '0': CMAKE_PREFIX_PATH=/opt/ros/iron /usr/bin/cmake /thesis_project/simulation_ws/src/ti_rlsk_description -DAMENT_CMAKE_SYMLINK_INSTALL=1 -DCMAKE_INSTALL_PREFIX=/thesis_project/install/ti_rlsk_description
[11.304s] Invoking command in '/thesis_project/build/ti_rlsk_description': CMAKE_PREFIX_PATH=/opt/ros/iron /usr/bin/cmake --build /thesis_project/build/ti_rlsk_description -- -j12 -l12
[11.539s] Invoked command in '/thesis_project/build/ti_rlsk_description' returned '0': CMAKE_PREFIX_PATH=/opt/ros/iron /usr/bin/cmake --build /thesis_project/build/ti_rlsk_description -- -j12 -l12
[11.623s] Invoking command in '/thesis_project/build/ti_rlsk_description': CMAKE_PREFIX_PATH=/opt/ros/iron /usr/bin/cmake --install /thesis_project/build/ti_rlsk_description
[11.636s] -- Install configuration: ""
[11.654s] -- Execute custom install script
[11.718s] -- Symlinking: /thesis_project/install/ti_rlsk_description/share/ti_rlsk_description/launch/rsp.launch.py
[11.780s] -- Symlinking: /thesis_project/install/ti_rlsk_description/share/ti_rlsk_description/launch/rsp_sim.launch.py
[11.875s] -- Symlinking: /thesis_project/install/ti_rlsk_description/share/ament_index/resource_index/package_run_dependencies/ti_rlsk_description
[11.971s] -- Symlinking: /thesis_project/install/ti_rlsk_description/share/ament_index/resource_index/parent_prefix_path/ti_rlsk_description
[12.051s] -- Symlinking: /thesis_project/install/ti_rlsk_description/share/ti_rlsk_description/environment/ament_prefix_path.sh
[12.123s] -- Symlinking: /thesis_project/install/ti_rlsk_description/share/ti_rlsk_description/environment/ament_prefix_path.dsv
[12.192s] -- Symlinking: /thesis_project/install/ti_rlsk_description/share/ti_rlsk_description/environment/path.sh
[12.259s] -- Symlinking: /thesis_project/install/ti_rlsk_description/share/ti_rlsk_description/environment/path.dsv
[12.326s] -- Symlinking: /thesis_project/install/ti_rlsk_description/share/ti_rlsk_description/local_setup.bash
[12.386s] -- Symlinking: /thesis_project/install/ti_rlsk_description/share/ti_rlsk_description/local_setup.sh
[12.445s] -- Symlinking: /thesis_project/install/ti_rlsk_description/share/ti_rlsk_description/local_setup.zsh
[12.502s] -- Symlinking: /thesis_project/install/ti_rlsk_description/share/ti_rlsk_description/local_setup.dsv
[12.561s] -- Symlinking: /thesis_project/install/ti_rlsk_description/share/ti_rlsk_description/package.dsv
[12.638s] -- Symlinking: /thesis_project/install/ti_rlsk_description/share/ament_index/resource_index/packages/ti_rlsk_description
[12.724s] -- Symlinking: /thesis_project/install/ti_rlsk_description/share/ti_rlsk_description/cmake/ti_rlsk_descriptionConfig.cmake
[12.783s] -- Symlinking: /thesis_project/install/ti_rlsk_description/share/ti_rlsk_description/cmake/ti_rlsk_descriptionConfig-version.cmake
[12.841s] -- Symlinking: /thesis_project/install/ti_rlsk_description/share/ti_rlsk_description/package.xml
[12.887s] Invoked command in '/thesis_project/build/ti_rlsk_description' returned '0': CMAKE_PREFIX_PATH=/opt/ros/iron /usr/bin/cmake --install /thesis_project/build/ti_rlsk_description
