[0.120s] Invoking command in '/thesis_project/build/m2wr_description': CMAKE_PREFIX_PATH=/opt/ros/iron /usr/bin/cmake /thesis_project/simulation_ws/src/m2wr_description -DAMENT_CMAKE_SYMLINK_INSTALL=1 -DCMAKE_INSTALL_PREFIX=/thesis_project/install/m2wr_description
[0.699s] -- The C compiler identification is GNU 11.4.0
[1.346s] -- The CXX compiler identification is GNU 11.4.0
[1.470s] -- Detecting C compiler ABI info
[3.511s] -- Detecting C compiler ABI info - done
[3.575s] -- Check for working C compiler: /usr/bin/cc - skipped
[3.598s] -- Detecting C compile features
[3.602s] -- Detecting C compile features - done
[3.763s] -- Detecting CXX compiler ABI info
[5.774s] -- Detecting CXX compiler ABI info - done
[5.946s] -- Check for working CXX compiler: /usr/bin/c++ - skipped
[5.956s] -- Detecting CXX compile features
[5.962s] -- Detecting CXX compile features - done
[6.158s] -- Found ament_cmake: 2.0.4 (/opt/ros/iron/share/ament_cmake/cmake)
[6.729s] -- Found Python3: /usr/bin/python3.10 (found version "3.10.12") found components: Interpreter 
[7.238s] -- Override CMake install command with custom implementation using symlinks instead of copying resources
[7.701s] -- Found ament_lint_auto: 0.14.3 (/opt/ros/iron/share/ament_lint_auto/cmake)
[9.330s] -- Added test 'flake8' to check Python code syntax and style conventions
[9.332s] -- Configured 'flake8' exclude dirs and/or files: 
[9.485s] -- Added test 'lint_cmake' to check CMake code style
[9.577s] -- Added test 'pep257' to check Python code against some of the docstring style conventions in PEP 257
[10.361s] -- Added test 'xmllint' to check XML markup files
[10.611s] -- Configuring done
[11.205s] -- Generating done
[11.321s] -- Build files have been written to: /thesis_project/build/m2wr_description
[11.346s] Invoked command in '/thesis_project/build/m2wr_description' returned '0': CMAKE_PREFIX_PATH=/opt/ros/iron /usr/bin/cmake /thesis_project/simulation_ws/src/m2wr_description -DAMENT_CMAKE_SYMLINK_INSTALL=1 -DCMAKE_INSTALL_PREFIX=/thesis_project/install/m2wr_description
[11.365s] Invoking command in '/thesis_project/build/m2wr_description': CMAKE_PREFIX_PATH=/opt/ros/iron /usr/bin/cmake --build /thesis_project/build/m2wr_description -- -j12 -l12
[11.593s] Invoked command in '/thesis_project/build/m2wr_description' returned '0': CMAKE_PREFIX_PATH=/opt/ros/iron /usr/bin/cmake --build /thesis_project/build/m2wr_description -- -j12 -l12
[11.672s] Invoking command in '/thesis_project/build/m2wr_description': CMAKE_PREFIX_PATH=/opt/ros/iron /usr/bin/cmake --install /thesis_project/build/m2wr_description
[11.687s] -- Install configuration: ""
[11.706s] -- Execute custom install script
[11.760s] -- Symlinking: /thesis_project/install/m2wr_description/share/m2wr_description/launch/rsp.launch.py
[11.821s] -- Symlinking: /thesis_project/install/m2wr_description/share/m2wr_description/launch/rsp_sim.launch.py
[11.919s] -- Symlinking: /thesis_project/install/m2wr_description/share/ament_index/resource_index/package_run_dependencies/m2wr_description
[12.013s] -- Symlinking: /thesis_project/install/m2wr_description/share/ament_index/resource_index/parent_prefix_path/m2wr_description
[12.088s] -- Symlinking: /thesis_project/install/m2wr_description/share/m2wr_description/environment/ament_prefix_path.sh
[12.159s] -- Symlinking: /thesis_project/install/m2wr_description/share/m2wr_description/environment/ament_prefix_path.dsv
[12.229s] -- Symlinking: /thesis_project/install/m2wr_description/share/m2wr_description/environment/path.sh
[12.297s] -- Symlinking: /thesis_project/install/m2wr_description/share/m2wr_description/environment/path.dsv
[12.367s] -- Symlinking: /thesis_project/install/m2wr_description/share/m2wr_description/local_setup.bash
[12.424s] -- Symlinking: /thesis_project/install/m2wr_description/share/m2wr_description/local_setup.sh
[12.483s] -- Symlinking: /thesis_project/install/m2wr_description/share/m2wr_description/local_setup.zsh
[12.544s] -- Symlinking: /thesis_project/install/m2wr_description/share/m2wr_description/local_setup.dsv
[12.599s] -- Symlinking: /thesis_project/install/m2wr_description/share/m2wr_description/package.dsv
[12.679s] -- Symlinking: /thesis_project/install/m2wr_description/share/ament_index/resource_index/packages/m2wr_description
[12.762s] -- Symlinking: /thesis_project/install/m2wr_description/share/m2wr_description/cmake/m2wr_descriptionConfig.cmake
[12.821s] -- Symlinking: /thesis_project/install/m2wr_description/share/m2wr_description/cmake/m2wr_descriptionConfig-version.cmake
[12.879s] -- Symlinking: /thesis_project/install/m2wr_description/share/m2wr_description/package.xml
[13.443s] Invoked command in '/thesis_project/build/m2wr_description' returned '0': CMAKE_PREFIX_PATH=/opt/ros/iron /usr/bin/cmake --install /thesis_project/build/m2wr_description
