[1.592s] DEBUG:colcon:Command line arguments: ['/usr/bin/colcon', 'build', '--packages-select', 'ti_rlsk_pkg']
[1.593s] DEBUG:colcon:Parsed command line arguments: Namespace(log_base=None, log_level=None, verb_name='build', build_base='build', install_base='install', merge_install=False, symlink_install=False, test_result_base=None, continue_on_error=False, executor='parallel', parallel_workers=12, event_handlers=None, ignore_user_meta=False, metas=['./colcon.meta'], base_paths=['.'], packages_ignore=None, packages_ignore_regex=None, paths=None, packages_up_to=None, packages_up_to_regex=None, packages_above=None, packages_above_and_dependencies=None, packages_above_depth=None, packages_select_by_dep=None, packages_skip_by_dep=None, packages_skip_up_to=None, packages_select_build_failed=False, packages_skip_build_finished=False, packages_select_test_failures=False, packages_skip_test_passed=False, packages_select=['ti_rlsk_pkg'], packages_skip=None, packages_select_regex=None, packages_skip_regex=None, packages_start=None, packages_end=None, cmake_args=None, cmake_target=None, cmake_target_skip_unavailable=False, cmake_clean_cache=False, cmake_clean_first=False, cmake_force_configure=False, ament_cmake_args=None, catkin_cmake_args=None, catkin_skip_building_tests=False, mixin_files=None, mixin=None, verb_parser=<colcon_mixin.mixin.mixin_argument.MixinArgumentDecorator object at 0x7f332fc5c2b0>, verb_extension=<colcon_core.verb.build.BuildVerb object at 0x7f332fd74970>, main=<bound method BuildVerb.main of <colcon_core.verb.build.BuildVerb object at 0x7f332fd74970>>, mixin_verb=('build',))
[2.687s] Level 1:colcon.colcon_core.package_discovery:discover_packages(colcon_meta) check parameters
[2.688s] Level 1:colcon.colcon_core.package_discovery:discover_packages(recursive) check parameters
[2.688s] Level 1:colcon.colcon_core.package_discovery:discover_packages(ignore) check parameters
[2.689s] Level 1:colcon.colcon_core.package_discovery:discover_packages(path) check parameters
[2.689s] Level 1:colcon.colcon_core.package_discovery:discover_packages(colcon_meta) discover
[2.690s] Level 1:colcon.colcon_core.package_discovery:discover_packages(recursive) discover
[2.690s] INFO:colcon.colcon_core.package_discovery:Crawling recursively for packages in '/thesis_project/robotgym_ws'
[2.694s] Level 1:colcon.colcon_core.package_identification:_identify(.) by extensions ['ignore', 'ignore_ament_install']
[2.694s] Level 1:colcon.colcon_core.package_identification:_identify(.) by extension 'ignore'
[2.695s] Level 1:colcon.colcon_core.package_identification:_identify(.) by extension 'ignore_ament_install'
[2.697s] Level 1:colcon.colcon_core.package_identification:_identify(.) by extensions ['colcon_pkg']
[2.697s] Level 1:colcon.colcon_core.package_identification:_identify(.) by extension 'colcon_pkg'
[2.698s] Level 1:colcon.colcon_core.package_identification:_identify(.) by extensions ['colcon_meta']
[2.698s] Level 1:colcon.colcon_core.package_identification:_identify(.) by extension 'colcon_meta'
[2.699s] Level 1:colcon.colcon_core.package_identification:_identify(.) by extensions ['ros']
[2.699s] Level 1:colcon.colcon_core.package_identification:_identify(.) by extension 'ros'
[2.753s] Level 1:colcon.colcon_core.package_identification:_identify(.) by extensions ['cmake', 'python']
[2.754s] Level 1:colcon.colcon_core.package_identification:_identify(.) by extension 'cmake'
[2.755s] Level 1:colcon.colcon_core.package_identification:_identify(.) by extension 'python'
[2.756s] Level 1:colcon.colcon_core.package_identification:_identify(.) by extensions ['python_setup_py']
[2.756s] Level 1:colcon.colcon_core.package_identification:_identify(.) by extension 'python_setup_py'
[2.763s] Level 1:colcon.colcon_core.package_identification:_identify(build) by extensions ['ignore', 'ignore_ament_install']
[2.764s] Level 1:colcon.colcon_core.package_identification:_identify(build) by extension 'ignore'
[2.767s] Level 1:colcon.colcon_core.package_identification:_identify(build) ignored
[2.773s] Level 1:colcon.colcon_core.package_identification:_identify(install) by extensions ['ignore', 'ignore_ament_install']
[2.774s] Level 1:colcon.colcon_core.package_identification:_identify(install) by extension 'ignore'
[2.777s] Level 1:colcon.colcon_core.package_identification:_identify(install) ignored
[2.789s] Level 1:colcon.colcon_core.package_identification:_identify(log) by extensions ['ignore', 'ignore_ament_install']
[2.789s] Level 1:colcon.colcon_core.package_identification:_identify(log) by extension 'ignore'
[2.792s] Level 1:colcon.colcon_core.package_identification:_identify(log) ignored
[2.798s] Level 1:colcon.colcon_core.package_identification:_identify(src) by extensions ['ignore', 'ignore_ament_install']
[2.799s] Level 1:colcon.colcon_core.package_identification:_identify(src) by extension 'ignore'
[2.801s] Level 1:colcon.colcon_core.package_identification:_identify(src) by extension 'ignore_ament_install'
[2.805s] Level 1:colcon.colcon_core.package_identification:_identify(src) by extensions ['colcon_pkg']
[2.806s] Level 1:colcon.colcon_core.package_identification:_identify(src) by extension 'colcon_pkg'
[2.808s] Level 1:colcon.colcon_core.package_identification:_identify(src) by extensions ['colcon_meta']
[2.808s] Level 1:colcon.colcon_core.package_identification:_identify(src) by extension 'colcon_meta'
[2.810s] Level 1:colcon.colcon_core.package_identification:_identify(src) by extensions ['ros']
[2.811s] Level 1:colcon.colcon_core.package_identification:_identify(src) by extension 'ros'
[2.819s] Level 1:colcon.colcon_core.package_identification:_identify(src) by extensions ['cmake', 'python']
[2.820s] Level 1:colcon.colcon_core.package_identification:_identify(src) by extension 'cmake'
[2.822s] Level 1:colcon.colcon_core.package_identification:_identify(src) by extension 'python'
[2.824s] Level 1:colcon.colcon_core.package_identification:_identify(src) by extensions ['python_setup_py']
[2.825s] Level 1:colcon.colcon_core.package_identification:_identify(src) by extension 'python_setup_py'
[2.837s] Level 1:colcon.colcon_core.package_identification:_identify(src/common_dependencies) by extensions ['ignore', 'ignore_ament_install']
[2.838s] Level 1:colcon.colcon_core.package_identification:_identify(src/common_dependencies) by extension 'ignore'
[2.842s] Level 1:colcon.colcon_core.package_identification:_identify(src/common_dependencies) by extension 'ignore_ament_install'
[2.847s] Level 1:colcon.colcon_core.package_identification:_identify(src/common_dependencies) by extensions ['colcon_pkg']
[2.848s] Level 1:colcon.colcon_core.package_identification:_identify(src/common_dependencies) by extension 'colcon_pkg'
[2.851s] Level 1:colcon.colcon_core.package_identification:_identify(src/common_dependencies) by extensions ['colcon_meta']
[2.851s] Level 1:colcon.colcon_core.package_identification:_identify(src/common_dependencies) by extension 'colcon_meta'
[2.856s] Level 1:colcon.colcon_core.package_identification:_identify(src/common_dependencies) by extensions ['ros']
[2.856s] Level 1:colcon.colcon_core.package_identification:_identify(src/common_dependencies) by extension 'ros'
[2.893s] DEBUG:colcon.colcon_core.package_identification:Package 'src/common_dependencies' with type 'ros.ament_python' and name 'common_dependencies'
[2.904s] Level 1:colcon.colcon_core.package_identification:_identify(src/multi_robot_controller) by extensions ['ignore', 'ignore_ament_install']
[2.904s] Level 1:colcon.colcon_core.package_identification:_identify(src/multi_robot_controller) by extension 'ignore'
[2.908s] Level 1:colcon.colcon_core.package_identification:_identify(src/multi_robot_controller) by extension 'ignore_ament_install'
[2.914s] Level 1:colcon.colcon_core.package_identification:_identify(src/multi_robot_controller) by extensions ['colcon_pkg']
[2.914s] Level 1:colcon.colcon_core.package_identification:_identify(src/multi_robot_controller) by extension 'colcon_pkg'
[2.917s] Level 1:colcon.colcon_core.package_identification:_identify(src/multi_robot_controller) by extensions ['colcon_meta']
[2.917s] Level 1:colcon.colcon_core.package_identification:_identify(src/multi_robot_controller) by extension 'colcon_meta'
[2.921s] Level 1:colcon.colcon_core.package_identification:_identify(src/multi_robot_controller) by extensions ['ros']
[2.922s] Level 1:colcon.colcon_core.package_identification:_identify(src/multi_robot_controller) by extension 'ros'
[2.949s] DEBUG:colcon.colcon_core.package_identification:Package 'src/multi_robot_controller' with type 'ros.ament_python' and name 'multi_robot_controller'
[2.958s] Level 1:colcon.colcon_core.package_identification:_identify(src/ti_rlsk_pkg) by extensions ['ignore', 'ignore_ament_install']
[2.958s] Level 1:colcon.colcon_core.package_identification:_identify(src/ti_rlsk_pkg) by extension 'ignore'
[2.960s] Level 1:colcon.colcon_core.package_identification:_identify(src/ti_rlsk_pkg) by extension 'ignore_ament_install'
[2.964s] Level 1:colcon.colcon_core.package_identification:_identify(src/ti_rlsk_pkg) by extensions ['colcon_pkg']
[2.965s] Level 1:colcon.colcon_core.package_identification:_identify(src/ti_rlsk_pkg) by extension 'colcon_pkg'
[2.967s] Level 1:colcon.colcon_core.package_identification:_identify(src/ti_rlsk_pkg) by extensions ['colcon_meta']
[2.967s] Level 1:colcon.colcon_core.package_identification:_identify(src/ti_rlsk_pkg) by extension 'colcon_meta'
[2.970s] Level 1:colcon.colcon_core.package_identification:_identify(src/ti_rlsk_pkg) by extensions ['ros']
[2.970s] Level 1:colcon.colcon_core.package_identification:_identify(src/ti_rlsk_pkg) by extension 'ros'
[2.994s] DEBUG:colcon.colcon_core.package_identification:Package 'src/ti_rlsk_pkg' with type 'ros.ament_python' and name 'ti_rlsk_pkg'
[3.000s] Level 1:colcon.colcon_core.package_identification:_identify(src/user_interface) by extensions ['ignore', 'ignore_ament_install']
[3.000s] Level 1:colcon.colcon_core.package_identification:_identify(src/user_interface) by extension 'ignore'
[3.002s] Level 1:colcon.colcon_core.package_identification:_identify(src/user_interface) by extension 'ignore_ament_install'
[3.007s] Level 1:colcon.colcon_core.package_identification:_identify(src/user_interface) by extensions ['colcon_pkg']
[3.007s] Level 1:colcon.colcon_core.package_identification:_identify(src/user_interface) by extension 'colcon_pkg'
[3.010s] Level 1:colcon.colcon_core.package_identification:_identify(src/user_interface) by extensions ['colcon_meta']
[3.010s] Level 1:colcon.colcon_core.package_identification:_identify(src/user_interface) by extension 'colcon_meta'
[3.013s] Level 1:colcon.colcon_core.package_identification:_identify(src/user_interface) by extensions ['ros']
[3.014s] Level 1:colcon.colcon_core.package_identification:_identify(src/user_interface) by extension 'ros'
[3.037s] DEBUG:colcon.colcon_core.package_identification:Package 'src/user_interface' with type 'ros.ament_python' and name 'user_interface'
[3.037s] Level 1:colcon.colcon_core.package_discovery:discover_packages(recursive) using defaults
[3.038s] Level 1:colcon.colcon_core.package_discovery:discover_packages(ignore) discover
[3.038s] Level 1:colcon.colcon_core.package_discovery:discover_packages(ignore) using defaults
[3.039s] Level 1:colcon.colcon_core.package_discovery:discover_packages(path) discover
[3.039s] Level 1:colcon.colcon_core.package_discovery:discover_packages(path) using defaults
[3.432s] INFO:colcon.colcon_core.package_selection:Skipping not selected package 'common_dependencies' in 'src/common_dependencies'
[3.433s] INFO:colcon.colcon_core.package_selection:Skipping not selected package 'multi_robot_controller' in 'src/multi_robot_controller'
[3.433s] INFO:colcon.colcon_core.package_selection:Skipping not selected package 'user_interface' in 'src/user_interface'
[3.434s] Level 5:colcon.colcon_core.verb:set package 'ti_rlsk_pkg' build argument 'cmake_args' from command line to 'None'
[3.435s] Level 5:colcon.colcon_core.verb:set package 'ti_rlsk_pkg' build argument 'cmake_target' from command line to 'None'
[3.435s] Level 5:colcon.colcon_core.verb:set package 'ti_rlsk_pkg' build argument 'cmake_target_skip_unavailable' from command line to 'False'
[3.436s] Level 5:colcon.colcon_core.verb:set package 'ti_rlsk_pkg' build argument 'cmake_clean_cache' from command line to 'False'
[3.436s] Level 5:colcon.colcon_core.verb:set package 'ti_rlsk_pkg' build argument 'cmake_clean_first' from command line to 'False'
[3.437s] Level 5:colcon.colcon_core.verb:set package 'ti_rlsk_pkg' build argument 'cmake_force_configure' from command line to 'False'
[3.437s] Level 5:colcon.colcon_core.verb:set package 'ti_rlsk_pkg' build argument 'ament_cmake_args' from command line to 'None'
[3.438s] Level 5:colcon.colcon_core.verb:set package 'ti_rlsk_pkg' build argument 'catkin_cmake_args' from command line to 'None'
[3.438s] Level 5:colcon.colcon_core.verb:set package 'ti_rlsk_pkg' build argument 'catkin_skip_building_tests' from command line to 'False'
[3.439s] DEBUG:colcon.colcon_core.verb:Building package 'ti_rlsk_pkg' with the following arguments: {'ament_cmake_args': None, 'build_base': '/thesis_project/robotgym_ws/build/ti_rlsk_pkg', 'catkin_cmake_args': None, 'catkin_skip_building_tests': False, 'cmake_args': None, 'cmake_clean_cache': False, 'cmake_clean_first': False, 'cmake_force_configure': False, 'cmake_target': None, 'cmake_target_skip_unavailable': False, 'install_base': '/thesis_project/robotgym_ws/install/ti_rlsk_pkg', 'merge_install': False, 'path': '/thesis_project/robotgym_ws/src/ti_rlsk_pkg', 'symlink_install': False, 'test_result_base': None}
[3.440s] INFO:colcon.colcon_core.executor:Executing jobs using 'parallel' executor
[3.442s] DEBUG:colcon.colcon_parallel_executor.executor.parallel:run_until_complete
[3.442s] INFO:colcon.colcon_ros.task.ament_python.build:Building ROS package in '/thesis_project/robotgym_ws/src/ti_rlsk_pkg' with build type 'ament_python'
[3.443s] Level 1:colcon.colcon_core.shell:create_environment_hook('ti_rlsk_pkg', 'ament_prefix_path')
[3.495s] INFO:colcon.colcon_core.plugin_system:Skipping extension 'colcon_core.shell.bat': Not used on non-Windows systems
[3.496s] INFO:colcon.colcon_core.shell:Creating environment hook '/thesis_project/robotgym_ws/install/ti_rlsk_pkg/share/ti_rlsk_pkg/hook/ament_prefix_path.ps1'
[3.532s] INFO:colcon.colcon_core.shell:Creating environment descriptor '/thesis_project/robotgym_ws/install/ti_rlsk_pkg/share/ti_rlsk_pkg/hook/ament_prefix_path.dsv'
[3.567s] INFO:colcon.colcon_core.shell:Creating environment hook '/thesis_project/robotgym_ws/install/ti_rlsk_pkg/share/ti_rlsk_pkg/hook/ament_prefix_path.sh'
[3.602s] INFO:colcon.colcon_core.shell:Skip shell extension 'powershell' for command environment: Not usable outside of PowerShell
[3.603s] DEBUG:colcon.colcon_core.shell:Skip shell extension 'dsv' for command environment
[7.317s] INFO:colcon.colcon_core.task.python.build:Building Python package in '/thesis_project/robotgym_ws/src/ti_rlsk_pkg'
[7.318s] INFO:colcon.colcon_core.shell:Skip shell extension 'powershell' for command environment: Not usable outside of PowerShell
[7.319s] DEBUG:colcon.colcon_core.shell:Skip shell extension 'dsv' for command environment
[12.944s] DEBUG:colcon.colcon_core.event_handler.log_command:Invoking command in '/thesis_project/robotgym_ws/src/ti_rlsk_pkg': PYTHONPATH=/thesis_project/robotgym_ws/build/ti_rlsk_pkg/prefix_override:/thesis_project/robotgym_ws/install/ti_rlsk_pkg/lib/python3.10/site-packages:${PYTHONPATH} /usr/bin/python3 -W ignore:setup.py install is deprecated setup.py egg_info --egg-base ../../build/ti_rlsk_pkg build --build-base /thesis_project/robotgym_ws/build/ti_rlsk_pkg/build install --record /thesis_project/robotgym_ws/build/ti_rlsk_pkg/install.log --single-version-externally-managed install_data
[19.977s] DEBUG:colcon.colcon_core.event_handler.log_command:Invoked command in '/thesis_project/robotgym_ws/src/ti_rlsk_pkg' returned '0': PYTHONPATH=/thesis_project/robotgym_ws/build/ti_rlsk_pkg/prefix_override:/thesis_project/robotgym_ws/install/ti_rlsk_pkg/lib/python3.10/site-packages:${PYTHONPATH} /usr/bin/python3 -W ignore:setup.py install is deprecated setup.py egg_info --egg-base ../../build/ti_rlsk_pkg build --build-base /thesis_project/robotgym_ws/build/ti_rlsk_pkg/build install --record /thesis_project/robotgym_ws/build/ti_rlsk_pkg/install.log --single-version-externally-managed install_data
[20.042s] Level 1:colcon.colcon_core.environment:checking '/thesis_project/robotgym_ws/install/ti_rlsk_pkg' for CMake module files
[20.206s] Level 1:colcon.colcon_core.environment:checking '/thesis_project/robotgym_ws/install/ti_rlsk_pkg' for CMake config files
[20.478s] Level 1:colcon.colcon_core.environment:checking '/thesis_project/robotgym_ws/install/ti_rlsk_pkg/lib'
[20.491s] Level 1:colcon.colcon_core.environment:checking '/thesis_project/robotgym_ws/install/ti_rlsk_pkg/bin'
[20.494s] Level 1:colcon.colcon_core.environment:checking '/thesis_project/robotgym_ws/install/ti_rlsk_pkg/lib/pkgconfig/ti_rlsk_pkg.pc'
[20.497s] Level 1:colcon.colcon_core.environment:checking '/thesis_project/robotgym_ws/install/ti_rlsk_pkg/lib/python3.10/site-packages'
[20.505s] Level 1:colcon.colcon_core.shell:create_environment_hook('ti_rlsk_pkg', 'pythonpath')
[20.506s] INFO:colcon.colcon_core.shell:Creating environment hook '/thesis_project/robotgym_ws/install/ti_rlsk_pkg/share/ti_rlsk_pkg/hook/pythonpath.ps1'
[20.540s] INFO:colcon.colcon_core.shell:Creating environment descriptor '/thesis_project/robotgym_ws/install/ti_rlsk_pkg/share/ti_rlsk_pkg/hook/pythonpath.dsv'
[20.575s] INFO:colcon.colcon_core.shell:Creating environment hook '/thesis_project/robotgym_ws/install/ti_rlsk_pkg/share/ti_rlsk_pkg/hook/pythonpath.sh'
[20.599s] Level 1:colcon.colcon_core.environment:checking '/thesis_project/robotgym_ws/install/ti_rlsk_pkg/bin'
[20.601s] Level 1:colcon.colcon_core.environment:create_environment_scripts_only(ti_rlsk_pkg)
[20.602s] INFO:colcon.colcon_core.shell:Creating package script '/thesis_project/robotgym_ws/install/ti_rlsk_pkg/share/ti_rlsk_pkg/package.ps1'
[20.633s] INFO:colcon.colcon_core.shell:Creating package descriptor '/thesis_project/robotgym_ws/install/ti_rlsk_pkg/share/ti_rlsk_pkg/package.dsv'
[20.660s] INFO:colcon.colcon_core.shell:Creating package script '/thesis_project/robotgym_ws/install/ti_rlsk_pkg/share/ti_rlsk_pkg/package.sh'
[20.682s] INFO:colcon.colcon_core.shell:Creating package script '/thesis_project/robotgym_ws/install/ti_rlsk_pkg/share/ti_rlsk_pkg/package.bash'
[20.704s] INFO:colcon.colcon_core.shell:Creating package script '/thesis_project/robotgym_ws/install/ti_rlsk_pkg/share/ti_rlsk_pkg/package.zsh'
[20.731s] Level 1:colcon.colcon_core.environment:create_file_with_runtime_dependencies(/thesis_project/robotgym_ws/install/ti_rlsk_pkg/share/colcon-core/packages/ti_rlsk_pkg)
[20.752s] DEBUG:colcon.colcon_parallel_executor.executor.parallel:closing loop
[20.753s] DEBUG:colcon.colcon_parallel_executor.executor.parallel:loop closed
[20.753s] DEBUG:colcon.colcon_parallel_executor.executor.parallel:run_until_complete finished with '0'
[20.754s] DEBUG:colcon.colcon_core.event_reactor:joining thread
[20.867s] INFO:colcon.colcon_core.plugin_system:Skipping extension 'colcon_notification.desktop_notification.notify_send': Could not find 'notify-send'
[20.868s] INFO:colcon.colcon_core.plugin_system:Skipping extension 'colcon_notification.desktop_notification.terminal_notifier': Not used on non-Darwin systems
[20.869s] INFO:colcon.colcon_core.plugin_system:Skipping extension 'colcon_notification.desktop_notification.win32': Not used on non-Windows systems
[20.869s] INFO:colcon.colcon_notification.desktop_notification:Sending desktop notification using 'notify2'
[20.883s] DEBUG:colcon.colcon_notification.desktop_notification.notify2:Failed to initialize notify2: org.freedesktop.DBus.Error.ServiceUnknown: The name org.freedesktop.Notifications was not provided by any .service files
[20.884s] DEBUG:colcon.colcon_core.event_reactor:joined thread
[20.885s] INFO:colcon.colcon_core.shell:Creating prefix script '/thesis_project/robotgym_ws/install/local_setup.ps1'
[20.899s] INFO:colcon.colcon_core.shell:Creating prefix util module '/thesis_project/robotgym_ws/install/_local_setup_util_ps1.py'
[20.914s] INFO:colcon.colcon_core.shell:Creating prefix chain script '/thesis_project/robotgym_ws/install/setup.ps1'
[20.991s] INFO:colcon.colcon_core.shell:Creating prefix script '/thesis_project/robotgym_ws/install/local_setup.sh'
[21.008s] INFO:colcon.colcon_core.shell:Creating prefix util module '/thesis_project/robotgym_ws/install/_local_setup_util_sh.py'
[21.026s] INFO:colcon.colcon_core.shell:Creating prefix chain script '/thesis_project/robotgym_ws/install/setup.sh'
[21.111s] INFO:colcon.colcon_core.shell:Creating prefix script '/thesis_project/robotgym_ws/install/local_setup.bash'
[21.121s] INFO:colcon.colcon_core.shell:Creating prefix chain script '/thesis_project/robotgym_ws/install/setup.bash'
[21.196s] INFO:colcon.colcon_core.shell:Creating prefix script '/thesis_project/robotgym_ws/install/local_setup.zsh'
[21.204s] INFO:colcon.colcon_core.shell:Creating prefix chain script '/thesis_project/robotgym_ws/install/setup.zsh'
