/thesis_project/robotgym_ws/install/ti_rlsk_pkg/lib/python3.10/site-packages/ti_rlsk_pkg/move_robot_action.py
/thesis_project/robotgym_ws/install/ti_rlsk_pkg/lib/python3.10/site-packages/ti_rlsk_pkg/robot_controller_template.py
/thesis_project/robotgym_ws/install/ti_rlsk_pkg/lib/python3.10/site-packages/ti_rlsk_pkg/robot_parameters_controller.py
/thesis_project/robotgym_ws/install/ti_rlsk_pkg/lib/python3.10/site-packages/ti_rlsk_pkg/simulation_service.py
/thesis_project/robotgym_ws/install/ti_rlsk_pkg/lib/python3.10/site-packages/ti_rlsk_pkg/ti_rlsk_group_controller.py
/thesis_project/robotgym_ws/install/ti_rlsk_pkg/lib/python3.10/site-packages/ti_rlsk_pkg/ti_rlsk_individual_controller.py
/thesis_project/robotgym_ws/install/ti_rlsk_pkg/lib/python3.10/site-packages/ti_rlsk_pkg/__init__.py
/thesis_project/robotgym_ws/install/ti_rlsk_pkg/lib/python3.10/site-packages/ti_rlsk_pkg/__pycache__/move_robot_action.cpython-310.pyc
/thesis_project/robotgym_ws/install/ti_rlsk_pkg/lib/python3.10/site-packages/ti_rlsk_pkg/__pycache__/robot_controller_template.cpython-310.pyc
/thesis_project/robotgym_ws/install/ti_rlsk_pkg/lib/python3.10/site-packages/ti_rlsk_pkg/__pycache__/robot_parameters_controller.cpython-310.pyc
/thesis_project/robotgym_ws/install/ti_rlsk_pkg/lib/python3.10/site-packages/ti_rlsk_pkg/__pycache__/simulation_service.cpython-310.pyc
/thesis_project/robotgym_ws/install/ti_rlsk_pkg/lib/python3.10/site-packages/ti_rlsk_pkg/__pycache__/ti_rlsk_group_controller.cpython-310.pyc
/thesis_project/robotgym_ws/install/ti_rlsk_pkg/lib/python3.10/site-packages/ti_rlsk_pkg/__pycache__/ti_rlsk_individual_controller.cpython-310.pyc
/thesis_project/robotgym_ws/install/ti_rlsk_pkg/lib/python3.10/site-packages/ti_rlsk_pkg/__pycache__/__init__.cpython-310.pyc
/thesis_project/robotgym_ws/install/ti_rlsk_pkg/share/ament_index/resource_index/packages/ti_rlsk_pkg
/thesis_project/robotgym_ws/install/ti_rlsk_pkg/share/ti_rlsk_pkg/package.xml
/thesis_project/robotgym_ws/install/ti_rlsk_pkg/share/ti_rlsk_pkg/launch/ti_rlsk_sim_launch_file.py
/thesis_project/robotgym_ws/install/ti_rlsk_pkg/share/ti_rlsk_pkg/urdf/ti_rlsk_robot.urdf.xacro
/thesis_project/robotgym_ws/install/ti_rlsk_pkg/lib/python3.10/site-packages/ti_rlsk_pkg-0.0.1-py3.10.egg-info/dependency_links.txt
/thesis_project/robotgym_ws/install/ti_rlsk_pkg/lib/python3.10/site-packages/ti_rlsk_pkg-0.0.1-py3.10.egg-info/entry_points.txt
/thesis_project/robotgym_ws/install/ti_rlsk_pkg/lib/python3.10/site-packages/ti_rlsk_pkg-0.0.1-py3.10.egg-info/PKG-INFO
/thesis_project/robotgym_ws/install/ti_rlsk_pkg/lib/python3.10/site-packages/ti_rlsk_pkg-0.0.1-py3.10.egg-info/requires.txt
/thesis_project/robotgym_ws/install/ti_rlsk_pkg/lib/python3.10/site-packages/ti_rlsk_pkg-0.0.1-py3.10.egg-info/SOURCES.txt
/thesis_project/robotgym_ws/install/ti_rlsk_pkg/lib/python3.10/site-packages/ti_rlsk_pkg-0.0.1-py3.10.egg-info/top_level.txt
/thesis_project/robotgym_ws/install/ti_rlsk_pkg/lib/python3.10/site-packages/ti_rlsk_pkg-0.0.1-py3.10.egg-info/zip-safe
/thesis_project/robotgym_ws/install/ti_rlsk_pkg/lib/ti_rlsk_pkg/move_robot_action_server
/thesis_project/robotgym_ws/install/ti_rlsk_pkg/lib/ti_rlsk_pkg/robot_controller_template
/thesis_project/robotgym_ws/install/ti_rlsk_pkg/lib/ti_rlsk_pkg/ti_rlsk_node
