[1.753s] DEBUG:colcon:Command line arguments: ['/usr/bin/colcon', 'build', '--packages-select', 'ti_rlsk_pkg']
[1.754s] DEBUG:colcon:Parsed command line arguments: Namespace(log_base=None, log_level=None, verb_name='build', build_base='build', install_base='install', merge_install=False, symlink_install=False, test_result_base=None, continue_on_error=False, executor='parallel', parallel_workers=12, event_handlers=None, ignore_user_meta=False, metas=['./colcon.meta'], base_paths=['.'], packages_ignore=None, packages_ignore_regex=None, paths=None, packages_up_to=None, packages_up_to_regex=None, packages_above=None, packages_above_and_dependencies=None, packages_above_depth=None, packages_select_by_dep=None, packages_skip_by_dep=None, packages_skip_up_to=None, packages_select_build_failed=False, packages_skip_build_finished=False, packages_select_test_failures=False, packages_skip_test_passed=False, packages_select=['ti_rlsk_pkg'], packages_skip=None, packages_select_regex=None, packages_skip_regex=None, packages_start=None, packages_end=None, cmake_args=None, cmake_target=None, cmake_target_skip_unavailable=False, cmake_clean_cache=False, cmake_clean_first=False, cmake_force_configure=False, ament_cmake_args=None, catkin_cmake_args=None, catkin_skip_building_tests=False, mixin_files=None, mixin=None, verb_parser=<colcon_mixin.mixin.mixin_argument.MixinArgumentDecorator object at 0x7fc6151d42b0>, verb_extension=<colcon_core.verb.build.BuildVerb object at 0x7fc6152ec970>, main=<bound method BuildVerb.main of <colcon_core.verb.build.BuildVerb object at 0x7fc6152ec970>>, mixin_verb=('build',))
[2.917s] Level 1:colcon.colcon_core.package_discovery:discover_packages(colcon_meta) check parameters
[2.918s] Level 1:colcon.colcon_core.package_discovery:discover_packages(recursive) check parameters
[2.918s] Level 1:colcon.colcon_core.package_discovery:discover_packages(ignore) check parameters
[2.919s] Level 1:colcon.colcon_core.package_discovery:discover_packages(path) check parameters
[2.919s] Level 1:colcon.colcon_core.package_discovery:discover_packages(colcon_meta) discover
[2.920s] Level 1:colcon.colcon_core.package_discovery:discover_packages(recursive) discover
[2.920s] INFO:colcon.colcon_core.package_discovery:Crawling recursively for packages in '/thesis_project/robotgym_ws'
[2.923s] Level 1:colcon.colcon_core.package_identification:_identify(.) by extensions ['ignore', 'ignore_ament_install']
[2.924s] Level 1:colcon.colcon_core.package_identification:_identify(.) by extension 'ignore'
[2.925s] Level 1:colcon.colcon_core.package_identification:_identify(.) by extension 'ignore_ament_install'
[2.927s] Level 1:colcon.colcon_core.package_identification:_identify(.) by extensions ['colcon_pkg']
[2.928s] Level 1:colcon.colcon_core.package_identification:_identify(.) by extension 'colcon_pkg'
[2.930s] Level 1:colcon.colcon_core.package_identification:_identify(.) by extensions ['colcon_meta']
[2.931s] Level 1:colcon.colcon_core.package_identification:_identify(.) by extension 'colcon_meta'
[2.931s] Level 1:colcon.colcon_core.package_identification:_identify(.) by extensions ['ros']
[2.932s] Level 1:colcon.colcon_core.package_identification:_identify(.) by extension 'ros'
[2.988s] Level 1:colcon.colcon_core.package_identification:_identify(.) by extensions ['cmake', 'python']
[2.988s] Level 1:colcon.colcon_core.package_identification:_identify(.) by extension 'cmake'
[2.989s] Level 1:colcon.colcon_core.package_identification:_identify(.) by extension 'python'
[2.991s] Level 1:colcon.colcon_core.package_identification:_identify(.) by extensions ['python_setup_py']
[2.992s] Level 1:colcon.colcon_core.package_identification:_identify(.) by extension 'python_setup_py'
[3.000s] Level 1:colcon.colcon_core.package_identification:_identify(build) by extensions ['ignore', 'ignore_ament_install']
[3.000s] Level 1:colcon.colcon_core.package_identification:_identify(build) by extension 'ignore'
[3.003s] Level 1:colcon.colcon_core.package_identification:_identify(build) ignored
[3.010s] Level 1:colcon.colcon_core.package_identification:_identify(install) by extensions ['ignore', 'ignore_ament_install']
[3.010s] Level 1:colcon.colcon_core.package_identification:_identify(install) by extension 'ignore'
[3.013s] Level 1:colcon.colcon_core.package_identification:_identify(install) ignored
[3.023s] Level 1:colcon.colcon_core.package_identification:_identify(log) by extensions ['ignore', 'ignore_ament_install']
[3.024s] Level 1:colcon.colcon_core.package_identification:_identify(log) by extension 'ignore'
[3.026s] Level 1:colcon.colcon_core.package_identification:_identify(log) ignored
[3.032s] Level 1:colcon.colcon_core.package_identification:_identify(src) by extensions ['ignore', 'ignore_ament_install']
[3.033s] Level 1:colcon.colcon_core.package_identification:_identify(src) by extension 'ignore'
[3.035s] Level 1:colcon.colcon_core.package_identification:_identify(src) by extension 'ignore_ament_install'
[3.039s] Level 1:colcon.colcon_core.package_identification:_identify(src) by extensions ['colcon_pkg']
[3.039s] Level 1:colcon.colcon_core.package_identification:_identify(src) by extension 'colcon_pkg'
[3.041s] Level 1:colcon.colcon_core.package_identification:_identify(src) by extensions ['colcon_meta']
[3.041s] Level 1:colcon.colcon_core.package_identification:_identify(src) by extension 'colcon_meta'
[3.043s] Level 1:colcon.colcon_core.package_identification:_identify(src) by extensions ['ros']
[3.044s] Level 1:colcon.colcon_core.package_identification:_identify(src) by extension 'ros'
[3.051s] Level 1:colcon.colcon_core.package_identification:_identify(src) by extensions ['cmake', 'python']
[3.052s] Level 1:colcon.colcon_core.package_identification:_identify(src) by extension 'cmake'
[3.054s] Level 1:colcon.colcon_core.package_identification:_identify(src) by extension 'python'
[3.056s] Level 1:colcon.colcon_core.package_identification:_identify(src) by extensions ['python_setup_py']
[3.057s] Level 1:colcon.colcon_core.package_identification:_identify(src) by extension 'python_setup_py'
[3.073s] Level 1:colcon.colcon_core.package_identification:_identify(src/common_dependencies) by extensions ['ignore', 'ignore_ament_install']
[3.073s] Level 1:colcon.colcon_core.package_identification:_identify(src/common_dependencies) by extension 'ignore'
[3.076s] Level 1:colcon.colcon_core.package_identification:_identify(src/common_dependencies) by extension 'ignore_ament_install'
[3.081s] Level 1:colcon.colcon_core.package_identification:_identify(src/common_dependencies) by extensions ['colcon_pkg']
[3.081s] Level 1:colcon.colcon_core.package_identification:_identify(src/common_dependencies) by extension 'colcon_pkg'
[3.084s] Level 1:colcon.colcon_core.package_identification:_identify(src/common_dependencies) by extensions ['colcon_meta']
[3.097s] Level 1:colcon.colcon_core.package_identification:_identify(src/common_dependencies) by extension 'colcon_meta'
[3.102s] Level 1:colcon.colcon_core.package_identification:_identify(src/common_dependencies) by extensions ['ros']
[3.102s] Level 1:colcon.colcon_core.package_identification:_identify(src/common_dependencies) by extension 'ros'
[3.147s] DEBUG:colcon.colcon_core.package_identification:Package 'src/common_dependencies' with type 'ros.ament_python' and name 'common_dependencies'
[3.165s] Level 1:colcon.colcon_core.package_identification:_identify(src/multi_robot_controller) by extensions ['ignore', 'ignore_ament_install']
[3.165s] Level 1:colcon.colcon_core.package_identification:_identify(src/multi_robot_controller) by extension 'ignore'
[3.168s] Level 1:colcon.colcon_core.package_identification:_identify(src/multi_robot_controller) by extension 'ignore_ament_install'
[3.173s] Level 1:colcon.colcon_core.package_identification:_identify(src/multi_robot_controller) by extensions ['colcon_pkg']
[3.173s] Level 1:colcon.colcon_core.package_identification:_identify(src/multi_robot_controller) by extension 'colcon_pkg'
[3.176s] Level 1:colcon.colcon_core.package_identification:_identify(src/multi_robot_controller) by extensions ['colcon_meta']
[3.177s] Level 1:colcon.colcon_core.package_identification:_identify(src/multi_robot_controller) by extension 'colcon_meta'
[3.181s] Level 1:colcon.colcon_core.package_identification:_identify(src/multi_robot_controller) by extensions ['ros']
[3.182s] Level 1:colcon.colcon_core.package_identification:_identify(src/multi_robot_controller) by extension 'ros'
[3.211s] DEBUG:colcon.colcon_core.package_identification:Package 'src/multi_robot_controller' with type 'ros.ament_python' and name 'multi_robot_controller'
[3.223s] Level 1:colcon.colcon_core.package_identification:_identify(src/ti_rlsk_pkg) by extensions ['ignore', 'ignore_ament_install']
[3.224s] Level 1:colcon.colcon_core.package_identification:_identify(src/ti_rlsk_pkg) by extension 'ignore'
[3.227s] Level 1:colcon.colcon_core.package_identification:_identify(src/ti_rlsk_pkg) by extension 'ignore_ament_install'
[3.233s] Level 1:colcon.colcon_core.package_identification:_identify(src/ti_rlsk_pkg) by extensions ['colcon_pkg']
[3.233s] Level 1:colcon.colcon_core.package_identification:_identify(src/ti_rlsk_pkg) by extension 'colcon_pkg'
[3.236s] Level 1:colcon.colcon_core.package_identification:_identify(src/ti_rlsk_pkg) by extensions ['colcon_meta']
[3.237s] Level 1:colcon.colcon_core.package_identification:_identify(src/ti_rlsk_pkg) by extension 'colcon_meta'
[3.241s] Level 1:colcon.colcon_core.package_identification:_identify(src/ti_rlsk_pkg) by extensions ['ros']
[3.241s] Level 1:colcon.colcon_core.package_identification:_identify(src/ti_rlsk_pkg) by extension 'ros'
[3.268s] DEBUG:colcon.colcon_core.package_identification:Package 'src/ti_rlsk_pkg' with type 'ros.ament_python' and name 'ti_rlsk_pkg'
[3.275s] Level 1:colcon.colcon_core.package_identification:_identify(src/user_interface) by extensions ['ignore', 'ignore_ament_install']
[3.275s] Level 1:colcon.colcon_core.package_identification:_identify(src/user_interface) by extension 'ignore'
[3.277s] Level 1:colcon.colcon_core.package_identification:_identify(src/user_interface) by extension 'ignore_ament_install'
[3.286s] Level 1:colcon.colcon_core.package_identification:_identify(src/user_interface) by extensions ['colcon_pkg']
[3.287s] Level 1:colcon.colcon_core.package_identification:_identify(src/user_interface) by extension 'colcon_pkg'
[3.290s] Level 1:colcon.colcon_core.package_identification:_identify(src/user_interface) by extensions ['colcon_meta']
[3.290s] Level 1:colcon.colcon_core.package_identification:_identify(src/user_interface) by extension 'colcon_meta'
[3.295s] Level 1:colcon.colcon_core.package_identification:_identify(src/user_interface) by extensions ['ros']
[3.295s] Level 1:colcon.colcon_core.package_identification:_identify(src/user_interface) by extension 'ros'
[3.331s] DEBUG:colcon.colcon_core.package_identification:Package 'src/user_interface' with type 'ros.ament_python' and name 'user_interface'
[3.331s] Level 1:colcon.colcon_core.package_discovery:discover_packages(recursive) using defaults
[3.332s] Level 1:colcon.colcon_core.package_discovery:discover_packages(ignore) discover
[3.332s] Level 1:colcon.colcon_core.package_discovery:discover_packages(ignore) using defaults
[3.333s] Level 1:colcon.colcon_core.package_discovery:discover_packages(path) discover
[3.333s] Level 1:colcon.colcon_core.package_discovery:discover_packages(path) using defaults
[3.750s] INFO:colcon.colcon_core.package_selection:Skipping not selected package 'common_dependencies' in 'src/common_dependencies'
[3.751s] INFO:colcon.colcon_core.package_selection:Skipping not selected package 'multi_robot_controller' in 'src/multi_robot_controller'
[3.751s] INFO:colcon.colcon_core.package_selection:Skipping not selected package 'user_interface' in 'src/user_interface'
[3.752s] Level 5:colcon.colcon_core.verb:set package 'ti_rlsk_pkg' build argument 'cmake_args' from command line to 'None'
[3.753s] Level 5:colcon.colcon_core.verb:set package 'ti_rlsk_pkg' build argument 'cmake_target' from command line to 'None'
[3.753s] Level 5:colcon.colcon_core.verb:set package 'ti_rlsk_pkg' build argument 'cmake_target_skip_unavailable' from command line to 'False'
[3.753s] Level 5:colcon.colcon_core.verb:set package 'ti_rlsk_pkg' build argument 'cmake_clean_cache' from command line to 'False'
[3.754s] Level 5:colcon.colcon_core.verb:set package 'ti_rlsk_pkg' build argument 'cmake_clean_first' from command line to 'False'
[3.754s] Level 5:colcon.colcon_core.verb:set package 'ti_rlsk_pkg' build argument 'cmake_force_configure' from command line to 'False'
[3.754s] Level 5:colcon.colcon_core.verb:set package 'ti_rlsk_pkg' build argument 'ament_cmake_args' from command line to 'None'
[3.755s] Level 5:colcon.colcon_core.verb:set package 'ti_rlsk_pkg' build argument 'catkin_cmake_args' from command line to 'None'
[3.755s] Level 5:colcon.colcon_core.verb:set package 'ti_rlsk_pkg' build argument 'catkin_skip_building_tests' from command line to 'False'
[3.755s] DEBUG:colcon.colcon_core.verb:Building package 'ti_rlsk_pkg' with the following arguments: {'ament_cmake_args': None, 'build_base': '/thesis_project/robotgym_ws/build/ti_rlsk_pkg', 'catkin_cmake_args': None, 'catkin_skip_building_tests': False, 'cmake_args': None, 'cmake_clean_cache': False, 'cmake_clean_first': False, 'cmake_force_configure': False, 'cmake_target': None, 'cmake_target_skip_unavailable': False, 'install_base': '/thesis_project/robotgym_ws/install/ti_rlsk_pkg', 'merge_install': False, 'path': '/thesis_project/robotgym_ws/src/ti_rlsk_pkg', 'symlink_install': False, 'test_result_base': None}
[3.756s] INFO:colcon.colcon_core.executor:Executing jobs using 'parallel' executor
[3.758s] DEBUG:colcon.colcon_parallel_executor.executor.parallel:run_until_complete
[3.759s] INFO:colcon.colcon_ros.task.ament_python.build:Building ROS package in '/thesis_project/robotgym_ws/src/ti_rlsk_pkg' with build type 'ament_python'
[3.760s] Level 1:colcon.colcon_core.shell:create_environment_hook('ti_rlsk_pkg', 'ament_prefix_path')
[3.821s] INFO:colcon.colcon_core.plugin_system:Skipping extension 'colcon_core.shell.bat': Not used on non-Windows systems
[3.823s] INFO:colcon.colcon_core.shell:Creating environment hook '/thesis_project/robotgym_ws/install/ti_rlsk_pkg/share/ti_rlsk_pkg/hook/ament_prefix_path.ps1'
[3.858s] INFO:colcon.colcon_core.shell:Creating environment descriptor '/thesis_project/robotgym_ws/install/ti_rlsk_pkg/share/ti_rlsk_pkg/hook/ament_prefix_path.dsv'
[3.894s] INFO:colcon.colcon_core.shell:Creating environment hook '/thesis_project/robotgym_ws/install/ti_rlsk_pkg/share/ti_rlsk_pkg/hook/ament_prefix_path.sh'
[3.931s] INFO:colcon.colcon_core.shell:Skip shell extension 'powershell' for command environment: Not usable outside of PowerShell
[3.932s] DEBUG:colcon.colcon_core.shell:Skip shell extension 'dsv' for command environment
[7.858s] INFO:colcon.colcon_core.task.python.build:Building Python package in '/thesis_project/robotgym_ws/src/ti_rlsk_pkg'
[7.859s] INFO:colcon.colcon_core.shell:Skip shell extension 'powershell' for command environment: Not usable outside of PowerShell
[7.860s] DEBUG:colcon.colcon_core.shell:Skip shell extension 'dsv' for command environment
[13.576s] DEBUG:colcon.colcon_core.event_handler.log_command:Invoking command in '/thesis_project/robotgym_ws/src/ti_rlsk_pkg': PYTHONPATH=/thesis_project/robotgym_ws/build/ti_rlsk_pkg/prefix_override:/thesis_project/robotgym_ws/install/ti_rlsk_pkg/lib/python3.10/site-packages:${PYTHONPATH} /usr/bin/python3 -W ignore:setup.py install is deprecated setup.py egg_info --egg-base ../../build/ti_rlsk_pkg build --build-base /thesis_project/robotgym_ws/build/ti_rlsk_pkg/build install --record /thesis_project/robotgym_ws/build/ti_rlsk_pkg/install.log --single-version-externally-managed install_data
[20.851s] DEBUG:colcon.colcon_core.event_handler.log_command:Invoked command in '/thesis_project/robotgym_ws/src/ti_rlsk_pkg' returned '0': PYTHONPATH=/thesis_project/robotgym_ws/build/ti_rlsk_pkg/prefix_override:/thesis_project/robotgym_ws/install/ti_rlsk_pkg/lib/python3.10/site-packages:${PYTHONPATH} /usr/bin/python3 -W ignore:setup.py install is deprecated setup.py egg_info --egg-base ../../build/ti_rlsk_pkg build --build-base /thesis_project/robotgym_ws/build/ti_rlsk_pkg/build install --record /thesis_project/robotgym_ws/build/ti_rlsk_pkg/install.log --single-version-externally-managed install_data
[20.907s] Level 1:colcon.colcon_core.environment:checking '/thesis_project/robotgym_ws/install/ti_rlsk_pkg' for CMake module files
[21.057s] Level 1:colcon.colcon_core.environment:checking '/thesis_project/robotgym_ws/install/ti_rlsk_pkg' for CMake config files
[21.331s] Level 1:colcon.colcon_core.environment:checking '/thesis_project/robotgym_ws/install/ti_rlsk_pkg/lib'
[21.345s] Level 1:colcon.colcon_core.environment:checking '/thesis_project/robotgym_ws/install/ti_rlsk_pkg/bin'
[21.348s] Level 1:colcon.colcon_core.environment:checking '/thesis_project/robotgym_ws/install/ti_rlsk_pkg/lib/pkgconfig/ti_rlsk_pkg.pc'
[21.353s] Level 1:colcon.colcon_core.environment:checking '/thesis_project/robotgym_ws/install/ti_rlsk_pkg/lib/python3.10/site-packages'
[21.363s] Level 1:colcon.colcon_core.shell:create_environment_hook('ti_rlsk_pkg', 'pythonpath')
[21.364s] INFO:colcon.colcon_core.shell:Creating environment hook '/thesis_project/robotgym_ws/install/ti_rlsk_pkg/share/ti_rlsk_pkg/hook/pythonpath.ps1'
[21.399s] INFO:colcon.colcon_core.shell:Creating environment descriptor '/thesis_project/robotgym_ws/install/ti_rlsk_pkg/share/ti_rlsk_pkg/hook/pythonpath.dsv'
[21.436s] INFO:colcon.colcon_core.shell:Creating environment hook '/thesis_project/robotgym_ws/install/ti_rlsk_pkg/share/ti_rlsk_pkg/hook/pythonpath.sh'
[21.474s] Level 1:colcon.colcon_core.environment:checking '/thesis_project/robotgym_ws/install/ti_rlsk_pkg/bin'
[21.477s] Level 1:colcon.colcon_core.environment:create_environment_scripts_only(ti_rlsk_pkg)
[21.478s] INFO:colcon.colcon_core.shell:Creating package script '/thesis_project/robotgym_ws/install/ti_rlsk_pkg/share/ti_rlsk_pkg/package.ps1'
[21.507s] INFO:colcon.colcon_core.shell:Creating package descriptor '/thesis_project/robotgym_ws/install/ti_rlsk_pkg/share/ti_rlsk_pkg/package.dsv'
[21.539s] INFO:colcon.colcon_core.shell:Creating package script '/thesis_project/robotgym_ws/install/ti_rlsk_pkg/share/ti_rlsk_pkg/package.sh'
[21.573s] INFO:colcon.colcon_core.shell:Creating package script '/thesis_project/robotgym_ws/install/ti_rlsk_pkg/share/ti_rlsk_pkg/package.bash'
[21.604s] INFO:colcon.colcon_core.shell:Creating package script '/thesis_project/robotgym_ws/install/ti_rlsk_pkg/share/ti_rlsk_pkg/package.zsh'
[21.637s] Level 1:colcon.colcon_core.environment:create_file_with_runtime_dependencies(/thesis_project/robotgym_ws/install/ti_rlsk_pkg/share/colcon-core/packages/ti_rlsk_pkg)
[21.661s] DEBUG:colcon.colcon_parallel_executor.executor.parallel:closing loop
[21.661s] DEBUG:colcon.colcon_parallel_executor.executor.parallel:loop closed
[21.662s] DEBUG:colcon.colcon_parallel_executor.executor.parallel:run_until_complete finished with '0'
[21.663s] DEBUG:colcon.colcon_core.event_reactor:joining thread
[21.794s] INFO:colcon.colcon_core.plugin_system:Skipping extension 'colcon_notification.desktop_notification.notify_send': Could not find 'notify-send'
[21.794s] INFO:colcon.colcon_core.plugin_system:Skipping extension 'colcon_notification.desktop_notification.terminal_notifier': Not used on non-Darwin systems
[21.795s] INFO:colcon.colcon_core.plugin_system:Skipping extension 'colcon_notification.desktop_notification.win32': Not used on non-Windows systems
[21.796s] INFO:colcon.colcon_notification.desktop_notification:Sending desktop notification using 'notify2'
[21.808s] DEBUG:colcon.colcon_notification.desktop_notification.notify2:Failed to initialize notify2: org.freedesktop.DBus.Error.ServiceUnknown: The name org.freedesktop.Notifications was not provided by any .service files
[21.809s] DEBUG:colcon.colcon_core.event_reactor:joined thread
[21.810s] INFO:colcon.colcon_core.shell:Creating prefix script '/thesis_project/robotgym_ws/install/local_setup.ps1'
[21.822s] INFO:colcon.colcon_core.shell:Creating prefix util module '/thesis_project/robotgym_ws/install/_local_setup_util_ps1.py'
[21.840s] INFO:colcon.colcon_core.shell:Creating prefix chain script '/thesis_project/robotgym_ws/install/setup.ps1'
[21.911s] INFO:colcon.colcon_core.shell:Creating prefix script '/thesis_project/robotgym_ws/install/local_setup.sh'
[21.922s] INFO:colcon.colcon_core.shell:Creating prefix util module '/thesis_project/robotgym_ws/install/_local_setup_util_sh.py'
[21.932s] INFO:colcon.colcon_core.shell:Creating prefix chain script '/thesis_project/robotgym_ws/install/setup.sh'
[22.003s] INFO:colcon.colcon_core.shell:Creating prefix script '/thesis_project/robotgym_ws/install/local_setup.bash'
[22.016s] INFO:colcon.colcon_core.shell:Creating prefix chain script '/thesis_project/robotgym_ws/install/setup.bash'
[22.098s] INFO:colcon.colcon_core.shell:Creating prefix script '/thesis_project/robotgym_ws/install/local_setup.zsh'
[22.114s] INFO:colcon.colcon_core.shell:Creating prefix chain script '/thesis_project/robotgym_ws/install/setup.zsh'
