[0.127s] Invoking command in '/thesis_project/build/my_package': CMAKE_PREFIX_PATH=/opt/ros/iron /usr/bin/cmake /thesis_project/dev_ws/src/my_package -DAMENT_CMAKE_SYMLINK_INSTALL=1 -DCMAKE_INSTALL_PREFIX=/thesis_project/install/my_package
[0.682s] -- The C compiler identification is GNU 11.4.0
[1.324s] -- The CXX compiler identification is GNU 11.4.0
[1.452s] -- Detecting C compiler ABI info
[3.487s] -- Detecting C compiler ABI info - done
[3.544s] -- Check for working C compiler: /usr/bin/cc - skipped
[3.546s] -- Detecting C compile features
[3.549s] -- Detecting C compile features - done
[3.748s] -- Detecting CXX compiler ABI info
[5.737s] -- Detecting CXX compiler ABI info - done
[5.853s] -- Check for working CXX compiler: /usr/bin/c++ - skipped
[5.876s] -- Detecting CXX compile features
[5.898s] -- Detecting CXX compile features - done
[6.140s] -- Found ament_cmake: 2.0.4 (/opt/ros/iron/share/ament_cmake/cmake)
[6.711s] -- Found Python3: /usr/bin/python3.10 (found version "3.10.12") found components: Interpreter 
[7.213s] -- Override CMake install command with custom implementation using symlinks instead of copying resources
[7.678s] -- Found ament_lint_auto: 0.14.3 (/opt/ros/iron/share/ament_lint_auto/cmake)
[9.480s] -- Added test 'flake8' to check Python code syntax and style conventions
[9.481s] -- Configured 'flake8' exclude dirs and/or files: 
[9.713s] -- Added test 'lint_cmake' to check CMake code style
[9.850s] -- Added test 'pep257' to check Python code against some of the docstring style conventions in PEP 257
[10.731s] -- Added test 'xmllint' to check XML markup files
[10.968s] -- Configuring done
[11.596s] -- Generating done
[11.696s] -- Build files have been written to: /thesis_project/build/my_package
[11.704s] Invoked command in '/thesis_project/build/my_package' returned '0': CMAKE_PREFIX_PATH=/opt/ros/iron /usr/bin/cmake /thesis_project/dev_ws/src/my_package -DAMENT_CMAKE_SYMLINK_INSTALL=1 -DCMAKE_INSTALL_PREFIX=/thesis_project/install/my_package
[11.719s] Invoking command in '/thesis_project/build/my_package': CMAKE_PREFIX_PATH=/opt/ros/iron /usr/bin/cmake --build /thesis_project/build/my_package -- -j12 -l12
[11.917s] Invoked command in '/thesis_project/build/my_package' returned '0': CMAKE_PREFIX_PATH=/opt/ros/iron /usr/bin/cmake --build /thesis_project/build/my_package -- -j12 -l12
[11.985s] Invoking command in '/thesis_project/build/my_package': CMAKE_PREFIX_PATH=/opt/ros/iron /usr/bin/cmake --install /thesis_project/build/my_package
[12.003s] -- Install configuration: ""
[12.019s] -- Execute custom install script
[12.093s] -- Symlinking: /thesis_project/install/my_package/share/my_package/launch/listener.launch.py
[12.164s] -- Symlinking: /thesis_project/install/my_package/share/my_package/launch/talker.launch.py
[12.269s] -- Symlinking: /thesis_project/install/my_package/share/ament_index/resource_index/package_run_dependencies/my_package
[12.391s] -- Symlinking: /thesis_project/install/my_package/share/ament_index/resource_index/parent_prefix_path/my_package
[12.483s] -- Symlinking: /thesis_project/install/my_package/share/my_package/environment/ament_prefix_path.sh
[12.546s] -- Symlinking: /thesis_project/install/my_package/share/my_package/environment/ament_prefix_path.dsv
[12.612s] -- Symlinking: /thesis_project/install/my_package/share/my_package/environment/path.sh
[12.670s] -- Symlinking: /thesis_project/install/my_package/share/my_package/environment/path.dsv
[12.737s] -- Symlinking: /thesis_project/install/my_package/share/my_package/local_setup.bash
[12.793s] -- Symlinking: /thesis_project/install/my_package/share/my_package/local_setup.sh
[12.850s] -- Symlinking: /thesis_project/install/my_package/share/my_package/local_setup.zsh
[12.910s] -- Symlinking: /thesis_project/install/my_package/share/my_package/local_setup.dsv
[12.955s] -- Symlinking: /thesis_project/install/my_package/share/my_package/package.dsv
[13.031s] -- Symlinking: /thesis_project/install/my_package/share/ament_index/resource_index/packages/my_package
[13.108s] -- Symlinking: /thesis_project/install/my_package/share/my_package/cmake/my_packageConfig.cmake
[13.161s] -- Symlinking: /thesis_project/install/my_package/share/my_package/cmake/my_packageConfig-version.cmake
[13.226s] -- Symlinking: /thesis_project/install/my_package/share/my_package/package.xml
[14.665s] Invoked command in '/thesis_project/build/my_package' returned '0': CMAKE_PREFIX_PATH=/opt/ros/iron /usr/bin/cmake --install /thesis_project/build/my_package
