[0.253s] DEBUG:colcon:Command line arguments: ['/usr/bin/colcon', 'build', '--symlink-install']
[0.254s] DEBUG:colcon:Parsed command line arguments: Namespace(log_base=None, log_level=None, verb_name='build', build_base='build', install_base='install', merge_install=False, symlink_install=True, test_result_base=None, continue_on_error=False, executor='parallel', parallel_workers=12, event_handlers=None, ignore_user_meta=False, metas=['./colcon.meta'], base_paths=['.'], packages_ignore=None, packages_ignore_regex=None, paths=None, packages_up_to=None, packages_up_to_regex=None, packages_above=None, packages_above_and_dependencies=None, packages_above_depth=None, packages_select_by_dep=None, packages_skip_by_dep=None, packages_skip_up_to=None, packages_select_build_failed=False, packages_skip_build_finished=False, packages_select_test_failures=False, packages_skip_test_passed=False, packages_select=None, packages_skip=None, packages_select_regex=None, packages_skip_regex=None, packages_start=None, packages_end=None, cmake_args=None, cmake_target=None, cmake_target_skip_unavailable=False, cmake_clean_cache=False, cmake_clean_first=False, cmake_force_configure=False, ament_cmake_args=None, catkin_cmake_args=None, catkin_skip_building_tests=False, mixin_files=None, mixin=None, verb_parser=<colcon_mixin.mixin.mixin_argument.MixinArgumentDecorator object at 0x7ff0f60dfbe0>, verb_extension=<colcon_core.verb.build.BuildVerb object at 0x7ff0f6228250>, main=<bound method BuildVerb.main of <colcon_core.verb.build.BuildVerb object at 0x7ff0f6228250>>, mixin_verb=('build',))
[0.619s] Level 1:colcon.colcon_core.package_discovery:discover_packages(colcon_meta) check parameters
[0.620s] Level 1:colcon.colcon_core.package_discovery:discover_packages(recursive) check parameters
[0.621s] Level 1:colcon.colcon_core.package_discovery:discover_packages(ignore) check parameters
[0.621s] Level 1:colcon.colcon_core.package_discovery:discover_packages(path) check parameters
[0.621s] Level 1:colcon.colcon_core.package_discovery:discover_packages(colcon_meta) discover
[0.622s] Level 1:colcon.colcon_core.package_discovery:discover_packages(recursive) discover
[0.622s] INFO:colcon.colcon_core.package_discovery:Crawling recursively for packages in '/thesis_project'
[0.625s] Level 1:colcon.colcon_core.package_identification:_identify(.) by extensions ['ignore', 'ignore_ament_install']
[0.626s] Level 1:colcon.colcon_core.package_identification:_identify(.) by extension 'ignore'
[0.627s] Level 1:colcon.colcon_core.package_identification:_identify(.) by extension 'ignore_ament_install'
[0.628s] Level 1:colcon.colcon_core.package_identification:_identify(.) by extensions ['colcon_pkg']
[0.628s] Level 1:colcon.colcon_core.package_identification:_identify(.) by extension 'colcon_pkg'
[0.629s] Level 1:colcon.colcon_core.package_identification:_identify(.) by extensions ['colcon_meta']
[0.629s] Level 1:colcon.colcon_core.package_identification:_identify(.) by extension 'colcon_meta'
[0.630s] Level 1:colcon.colcon_core.package_identification:_identify(.) by extensions ['ros']
[0.630s] Level 1:colcon.colcon_core.package_identification:_identify(.) by extension 'ros'
[0.649s] Level 1:colcon.colcon_core.package_identification:_identify(.) by extensions ['cmake', 'python']
[0.650s] Level 1:colcon.colcon_core.package_identification:_identify(.) by extension 'cmake'
[0.651s] Level 1:colcon.colcon_core.package_identification:_identify(.) by extension 'python'
[0.651s] Level 1:colcon.colcon_core.package_identification:_identify(.) by extensions ['python_setup_py']
[0.652s] Level 1:colcon.colcon_core.package_identification:_identify(.) by extension 'python_setup_py'
[0.657s] Level 1:colcon.colcon_core.package_identification:_identify(build) by extensions ['ignore', 'ignore_ament_install']
[0.657s] Level 1:colcon.colcon_core.package_identification:_identify(build) by extension 'ignore'
[0.660s] Level 1:colcon.colcon_core.package_identification:_identify(build) ignored
[0.665s] Level 1:colcon.colcon_core.package_identification:_identify(dev_ws) by extensions ['ignore', 'ignore_ament_install']
[0.665s] Level 1:colcon.colcon_core.package_identification:_identify(dev_ws) by extension 'ignore'
[0.667s] Level 1:colcon.colcon_core.package_identification:_identify(dev_ws) by extension 'ignore_ament_install'
[0.670s] Level 1:colcon.colcon_core.package_identification:_identify(dev_ws) by extensions ['colcon_pkg']
[0.670s] Level 1:colcon.colcon_core.package_identification:_identify(dev_ws) by extension 'colcon_pkg'
[0.672s] Level 1:colcon.colcon_core.package_identification:_identify(dev_ws) by extensions ['colcon_meta']
[0.673s] Level 1:colcon.colcon_core.package_identification:_identify(dev_ws) by extension 'colcon_meta'
[0.675s] Level 1:colcon.colcon_core.package_identification:_identify(dev_ws) by extensions ['ros']
[0.675s] Level 1:colcon.colcon_core.package_identification:_identify(dev_ws) by extension 'ros'
[0.682s] Level 1:colcon.colcon_core.package_identification:_identify(dev_ws) by extensions ['cmake', 'python']
[0.683s] Level 1:colcon.colcon_core.package_identification:_identify(dev_ws) by extension 'cmake'
[0.685s] Level 1:colcon.colcon_core.package_identification:_identify(dev_ws) by extension 'python'
[0.686s] Level 1:colcon.colcon_core.package_identification:_identify(dev_ws) by extensions ['python_setup_py']
[0.686s] Level 1:colcon.colcon_core.package_identification:_identify(dev_ws) by extension 'python_setup_py'
[0.694s] Level 1:colcon.colcon_core.package_identification:_identify(dev_ws/build) by extensions ['ignore', 'ignore_ament_install']
[0.694s] Level 1:colcon.colcon_core.package_identification:_identify(dev_ws/build) by extension 'ignore'
[0.697s] Level 1:colcon.colcon_core.package_identification:_identify(dev_ws/build) ignored
[0.706s] Level 1:colcon.colcon_core.package_identification:_identify(dev_ws/install) by extensions ['ignore', 'ignore_ament_install']
[0.707s] Level 1:colcon.colcon_core.package_identification:_identify(dev_ws/install) by extension 'ignore'
[0.710s] Level 1:colcon.colcon_core.package_identification:_identify(dev_ws/install) ignored
[0.725s] Level 1:colcon.colcon_core.package_identification:_identify(dev_ws/log) by extensions ['ignore', 'ignore_ament_install']
[0.725s] Level 1:colcon.colcon_core.package_identification:_identify(dev_ws/log) by extension 'ignore'
[0.728s] Level 1:colcon.colcon_core.package_identification:_identify(dev_ws/log) ignored
[0.737s] Level 1:colcon.colcon_core.package_identification:_identify(dev_ws/src) by extensions ['ignore', 'ignore_ament_install']
[0.737s] Level 1:colcon.colcon_core.package_identification:_identify(dev_ws/src) by extension 'ignore'
[0.740s] Level 1:colcon.colcon_core.package_identification:_identify(dev_ws/src) by extension 'ignore_ament_install'
[0.745s] Level 1:colcon.colcon_core.package_identification:_identify(dev_ws/src) by extensions ['colcon_pkg']
[0.745s] Level 1:colcon.colcon_core.package_identification:_identify(dev_ws/src) by extension 'colcon_pkg'
[0.748s] Level 1:colcon.colcon_core.package_identification:_identify(dev_ws/src) by extensions ['colcon_meta']
[0.749s] Level 1:colcon.colcon_core.package_identification:_identify(dev_ws/src) by extension 'colcon_meta'
[0.753s] Level 1:colcon.colcon_core.package_identification:_identify(dev_ws/src) by extensions ['ros']
[0.753s] Level 1:colcon.colcon_core.package_identification:_identify(dev_ws/src) by extension 'ros'
[0.765s] Level 1:colcon.colcon_core.package_identification:_identify(dev_ws/src) by extensions ['cmake', 'python']
[0.766s] Level 1:colcon.colcon_core.package_identification:_identify(dev_ws/src) by extension 'cmake'
[0.769s] Level 1:colcon.colcon_core.package_identification:_identify(dev_ws/src) by extension 'python'
[0.771s] Level 1:colcon.colcon_core.package_identification:_identify(dev_ws/src) by extensions ['python_setup_py']
[0.771s] Level 1:colcon.colcon_core.package_identification:_identify(dev_ws/src) by extension 'python_setup_py'
[0.784s] Level 1:colcon.colcon_core.package_identification:_identify(dev_ws/src/my_package) by extensions ['ignore', 'ignore_ament_install']
[0.784s] Level 1:colcon.colcon_core.package_identification:_identify(dev_ws/src/my_package) by extension 'ignore'
[0.788s] Level 1:colcon.colcon_core.package_identification:_identify(dev_ws/src/my_package) by extension 'ignore_ament_install'
[0.794s] Level 1:colcon.colcon_core.package_identification:_identify(dev_ws/src/my_package) by extensions ['colcon_pkg']
[0.794s] Level 1:colcon.colcon_core.package_identification:_identify(dev_ws/src/my_package) by extension 'colcon_pkg'
[0.798s] Level 1:colcon.colcon_core.package_identification:_identify(dev_ws/src/my_package) by extensions ['colcon_meta']
[0.798s] Level 1:colcon.colcon_core.package_identification:_identify(dev_ws/src/my_package) by extension 'colcon_meta'
[0.806s] Level 1:colcon.colcon_core.package_identification:_identify(dev_ws/src/my_package) by extensions ['ros']
[0.806s] Level 1:colcon.colcon_core.package_identification:_identify(dev_ws/src/my_package) by extension 'ros'
[0.844s] DEBUG:colcon.colcon_core.package_identification:Package 'dev_ws/src/my_package' with type 'ros.ament_cmake' and name 'my_package'
[0.849s] Level 1:colcon.colcon_core.package_identification:_identify(install) by extensions ['ignore', 'ignore_ament_install']
[0.849s] Level 1:colcon.colcon_core.package_identification:_identify(install) by extension 'ignore'
[0.852s] Level 1:colcon.colcon_core.package_identification:_identify(install) ignored
[0.859s] Level 1:colcon.colcon_core.package_identification:_identify(log) by extensions ['ignore', 'ignore_ament_install']
[0.859s] Level 1:colcon.colcon_core.package_identification:_identify(log) by extension 'ignore'
[0.860s] Level 1:colcon.colcon_core.package_identification:_identify(log) ignored
[0.863s] Level 1:colcon.colcon_core.package_identification:_identify(simulation_ws) by extensions ['ignore', 'ignore_ament_install']
[0.864s] Level 1:colcon.colcon_core.package_identification:_identify(simulation_ws) by extension 'ignore'
[0.864s] Level 1:colcon.colcon_core.package_identification:_identify(simulation_ws) by extension 'ignore_ament_install'
[0.865s] Level 1:colcon.colcon_core.package_identification:_identify(simulation_ws) by extensions ['colcon_pkg']
[0.866s] Level 1:colcon.colcon_core.package_identification:_identify(simulation_ws) by extension 'colcon_pkg'
[0.867s] Level 1:colcon.colcon_core.package_identification:_identify(simulation_ws) by extensions ['colcon_meta']
[0.867s] Level 1:colcon.colcon_core.package_identification:_identify(simulation_ws) by extension 'colcon_meta'
[0.868s] Level 1:colcon.colcon_core.package_identification:_identify(simulation_ws) by extensions ['ros']
[0.868s] Level 1:colcon.colcon_core.package_identification:_identify(simulation_ws) by extension 'ros'
[0.870s] Level 1:colcon.colcon_core.package_identification:_identify(simulation_ws) by extensions ['cmake', 'python']
[0.871s] Level 1:colcon.colcon_core.package_identification:_identify(simulation_ws) by extension 'cmake'
[0.871s] Level 1:colcon.colcon_core.package_identification:_identify(simulation_ws) by extension 'python'
[0.872s] Level 1:colcon.colcon_core.package_identification:_identify(simulation_ws) by extensions ['python_setup_py']
[0.872s] Level 1:colcon.colcon_core.package_identification:_identify(simulation_ws) by extension 'python_setup_py'
[0.878s] Level 1:colcon.colcon_core.package_identification:_identify(simulation_ws/build) by extensions ['ignore', 'ignore_ament_install']
[0.879s] Level 1:colcon.colcon_core.package_identification:_identify(simulation_ws/build) by extension 'ignore'
[0.882s] Level 1:colcon.colcon_core.package_identification:_identify(simulation_ws/build) ignored
[0.887s] Level 1:colcon.colcon_core.package_identification:_identify(simulation_ws/install) by extensions ['ignore', 'ignore_ament_install']
[0.888s] Level 1:colcon.colcon_core.package_identification:_identify(simulation_ws/install) by extension 'ignore'
[0.891s] Level 1:colcon.colcon_core.package_identification:_identify(simulation_ws/install) ignored
[0.903s] Level 1:colcon.colcon_core.package_identification:_identify(simulation_ws/log) by extensions ['ignore', 'ignore_ament_install']
[0.903s] Level 1:colcon.colcon_core.package_identification:_identify(simulation_ws/log) by extension 'ignore'
[0.907s] Level 1:colcon.colcon_core.package_identification:_identify(simulation_ws/log) ignored
[0.912s] Level 1:colcon.colcon_core.package_identification:_identify(simulation_ws/src) by extensions ['ignore', 'ignore_ament_install']
[0.913s] Level 1:colcon.colcon_core.package_identification:_identify(simulation_ws/src) by extension 'ignore'
[0.915s] Level 1:colcon.colcon_core.package_identification:_identify(simulation_ws/src) by extension 'ignore_ament_install'
[0.918s] Level 1:colcon.colcon_core.package_identification:_identify(simulation_ws/src) by extensions ['colcon_pkg']
[0.918s] Level 1:colcon.colcon_core.package_identification:_identify(simulation_ws/src) by extension 'colcon_pkg'
[0.920s] Level 1:colcon.colcon_core.package_identification:_identify(simulation_ws/src) by extensions ['colcon_meta']
[0.921s] Level 1:colcon.colcon_core.package_identification:_identify(simulation_ws/src) by extension 'colcon_meta'
[0.923s] Level 1:colcon.colcon_core.package_identification:_identify(simulation_ws/src) by extensions ['ros']
[0.924s] Level 1:colcon.colcon_core.package_identification:_identify(simulation_ws/src) by extension 'ros'
[0.933s] Level 1:colcon.colcon_core.package_identification:_identify(simulation_ws/src) by extensions ['cmake', 'python']
[0.933s] Level 1:colcon.colcon_core.package_identification:_identify(simulation_ws/src) by extension 'cmake'
[0.935s] Level 1:colcon.colcon_core.package_identification:_identify(simulation_ws/src) by extension 'python'
[0.937s] Level 1:colcon.colcon_core.package_identification:_identify(simulation_ws/src) by extensions ['python_setup_py']
[0.938s] Level 1:colcon.colcon_core.package_identification:_identify(simulation_ws/src) by extension 'python_setup_py'
[0.951s] Level 1:colcon.colcon_core.package_identification:_identify(simulation_ws/src/m2wr_description) by extensions ['ignore', 'ignore_ament_install']
[0.951s] Level 1:colcon.colcon_core.package_identification:_identify(simulation_ws/src/m2wr_description) by extension 'ignore'
[0.954s] Level 1:colcon.colcon_core.package_identification:_identify(simulation_ws/src/m2wr_description) by extension 'ignore_ament_install'
[0.960s] Level 1:colcon.colcon_core.package_identification:_identify(simulation_ws/src/m2wr_description) by extensions ['colcon_pkg']
[0.960s] Level 1:colcon.colcon_core.package_identification:_identify(simulation_ws/src/m2wr_description) by extension 'colcon_pkg'
[0.963s] Level 1:colcon.colcon_core.package_identification:_identify(simulation_ws/src/m2wr_description) by extensions ['colcon_meta']
[0.963s] Level 1:colcon.colcon_core.package_identification:_identify(simulation_ws/src/m2wr_description) by extension 'colcon_meta'
[0.968s] Level 1:colcon.colcon_core.package_identification:_identify(simulation_ws/src/m2wr_description) by extensions ['ros']
[0.968s] Level 1:colcon.colcon_core.package_identification:_identify(simulation_ws/src/m2wr_description) by extension 'ros'
[0.995s] DEBUG:colcon.colcon_core.package_identification:Package 'simulation_ws/src/m2wr_description' with type 'ros.ament_cmake' and name 'm2wr_description'
[1.004s] Level 1:colcon.colcon_core.package_identification:_identify(simulation_ws/src/ti_rlsk_description) by extensions ['ignore', 'ignore_ament_install']
[1.005s] Level 1:colcon.colcon_core.package_identification:_identify(simulation_ws/src/ti_rlsk_description) by extension 'ignore'
[1.007s] Level 1:colcon.colcon_core.package_identification:_identify(simulation_ws/src/ti_rlsk_description) by extension 'ignore_ament_install'
[1.011s] Level 1:colcon.colcon_core.package_identification:_identify(simulation_ws/src/ti_rlsk_description) by extensions ['colcon_pkg']
[1.011s] Level 1:colcon.colcon_core.package_identification:_identify(simulation_ws/src/ti_rlsk_description) by extension 'colcon_pkg'
[1.014s] Level 1:colcon.colcon_core.package_identification:_identify(simulation_ws/src/ti_rlsk_description) by extensions ['colcon_meta']
[1.014s] Level 1:colcon.colcon_core.package_identification:_identify(simulation_ws/src/ti_rlsk_description) by extension 'colcon_meta'
[1.018s] Level 1:colcon.colcon_core.package_identification:_identify(simulation_ws/src/ti_rlsk_description) by extensions ['ros']
[1.019s] Level 1:colcon.colcon_core.package_identification:_identify(simulation_ws/src/ti_rlsk_description) by extension 'ros'
[1.045s] DEBUG:colcon.colcon_core.package_identification:Package 'simulation_ws/src/ti_rlsk_description' with type 'ros.ament_cmake' and name 'ti_rlsk_description'
[1.046s] Level 1:colcon.colcon_core.package_discovery:discover_packages(recursive) using defaults
[1.046s] Level 1:colcon.colcon_core.package_discovery:discover_packages(ignore) discover
[1.047s] Level 1:colcon.colcon_core.package_discovery:discover_packages(ignore) using defaults
[1.047s] Level 1:colcon.colcon_core.package_discovery:discover_packages(path) discover
[1.047s] Level 1:colcon.colcon_core.package_discovery:discover_packages(path) using defaults
[1.116s] Level 5:colcon.colcon_core.verb:set package 'm2wr_description' build argument 'cmake_args' from command line to 'None'
[1.117s] Level 5:colcon.colcon_core.verb:set package 'm2wr_description' build argument 'cmake_target' from command line to 'None'
[1.117s] Level 5:colcon.colcon_core.verb:set package 'm2wr_description' build argument 'cmake_target_skip_unavailable' from command line to 'False'
[1.118s] Level 5:colcon.colcon_core.verb:set package 'm2wr_description' build argument 'cmake_clean_cache' from command line to 'False'
[1.118s] Level 5:colcon.colcon_core.verb:set package 'm2wr_description' build argument 'cmake_clean_first' from command line to 'False'
[1.118s] Level 5:colcon.colcon_core.verb:set package 'm2wr_description' build argument 'cmake_force_configure' from command line to 'False'
[1.119s] Level 5:colcon.colcon_core.verb:set package 'm2wr_description' build argument 'ament_cmake_args' from command line to 'None'
[1.119s] Level 5:colcon.colcon_core.verb:set package 'm2wr_description' build argument 'catkin_cmake_args' from command line to 'None'
[1.119s] Level 5:colcon.colcon_core.verb:set package 'm2wr_description' build argument 'catkin_skip_building_tests' from command line to 'False'
[1.120s] DEBUG:colcon.colcon_core.verb:Building package 'm2wr_description' with the following arguments: {'ament_cmake_args': None, 'build_base': '/thesis_project/build/m2wr_description', 'catkin_cmake_args': None, 'catkin_skip_building_tests': False, 'cmake_args': None, 'cmake_clean_cache': False, 'cmake_clean_first': False, 'cmake_force_configure': False, 'cmake_target': None, 'cmake_target_skip_unavailable': False, 'install_base': '/thesis_project/install/m2wr_description', 'merge_install': False, 'path': '/thesis_project/simulation_ws/src/m2wr_description', 'symlink_install': True, 'test_result_base': None}
[1.121s] Level 5:colcon.colcon_core.verb:set package 'my_package' build argument 'cmake_args' from command line to 'None'
[1.121s] Level 5:colcon.colcon_core.verb:set package 'my_package' build argument 'cmake_target' from command line to 'None'
[1.122s] Level 5:colcon.colcon_core.verb:set package 'my_package' build argument 'cmake_target_skip_unavailable' from command line to 'False'
[1.122s] Level 5:colcon.colcon_core.verb:set package 'my_package' build argument 'cmake_clean_cache' from command line to 'False'
[1.122s] Level 5:colcon.colcon_core.verb:set package 'my_package' build argument 'cmake_clean_first' from command line to 'False'
[1.123s] Level 5:colcon.colcon_core.verb:set package 'my_package' build argument 'cmake_force_configure' from command line to 'False'
[1.123s] Level 5:colcon.colcon_core.verb:set package 'my_package' build argument 'ament_cmake_args' from command line to 'None'
[1.124s] Level 5:colcon.colcon_core.verb:set package 'my_package' build argument 'catkin_cmake_args' from command line to 'None'
[1.124s] Level 5:colcon.colcon_core.verb:set package 'my_package' build argument 'catkin_skip_building_tests' from command line to 'False'
[1.124s] DEBUG:colcon.colcon_core.verb:Building package 'my_package' with the following arguments: {'ament_cmake_args': None, 'build_base': '/thesis_project/build/my_package', 'catkin_cmake_args': None, 'catkin_skip_building_tests': False, 'cmake_args': None, 'cmake_clean_cache': False, 'cmake_clean_first': False, 'cmake_force_configure': False, 'cmake_target': None, 'cmake_target_skip_unavailable': False, 'install_base': '/thesis_project/install/my_package', 'merge_install': False, 'path': '/thesis_project/dev_ws/src/my_package', 'symlink_install': True, 'test_result_base': None}
[1.126s] Level 5:colcon.colcon_core.verb:set package 'ti_rlsk_description' build argument 'cmake_args' from command line to 'None'
[1.126s] Level 5:colcon.colcon_core.verb:set package 'ti_rlsk_description' build argument 'cmake_target' from command line to 'None'
[1.126s] Level 5:colcon.colcon_core.verb:set package 'ti_rlsk_description' build argument 'cmake_target_skip_unavailable' from command line to 'False'
[1.127s] Level 5:colcon.colcon_core.verb:set package 'ti_rlsk_description' build argument 'cmake_clean_cache' from command line to 'False'
[1.127s] Level 5:colcon.colcon_core.verb:set package 'ti_rlsk_description' build argument 'cmake_clean_first' from command line to 'False'
[1.128s] Level 5:colcon.colcon_core.verb:set package 'ti_rlsk_description' build argument 'cmake_force_configure' from command line to 'False'
[1.128s] Level 5:colcon.colcon_core.verb:set package 'ti_rlsk_description' build argument 'ament_cmake_args' from command line to 'None'
[1.129s] Level 5:colcon.colcon_core.verb:set package 'ti_rlsk_description' build argument 'catkin_cmake_args' from command line to 'None'
[1.129s] Level 5:colcon.colcon_core.verb:set package 'ti_rlsk_description' build argument 'catkin_skip_building_tests' from command line to 'False'
[1.129s] DEBUG:colcon.colcon_core.verb:Building package 'ti_rlsk_description' with the following arguments: {'ament_cmake_args': None, 'build_base': '/thesis_project/build/ti_rlsk_description', 'catkin_cmake_args': None, 'catkin_skip_building_tests': False, 'cmake_args': None, 'cmake_clean_cache': False, 'cmake_clean_first': False, 'cmake_force_configure': False, 'cmake_target': None, 'cmake_target_skip_unavailable': False, 'install_base': '/thesis_project/install/ti_rlsk_description', 'merge_install': False, 'path': '/thesis_project/simulation_ws/src/ti_rlsk_description', 'symlink_install': True, 'test_result_base': None}
[1.130s] INFO:colcon.colcon_core.executor:Executing jobs using 'parallel' executor
[1.132s] DEBUG:colcon.colcon_parallel_executor.executor.parallel:run_until_complete
[1.133s] INFO:colcon.colcon_ros.task.ament_cmake.build:Building ROS package in '/thesis_project/simulation_ws/src/m2wr_description' with build type 'ament_cmake'
[1.133s] INFO:colcon.colcon_cmake.task.cmake.build:Building CMake package in '/thesis_project/simulation_ws/src/m2wr_description'
[1.138s] INFO:colcon.colcon_core.plugin_system:Skipping extension 'colcon_core.shell.bat': Not used on non-Windows systems
[1.139s] INFO:colcon.colcon_core.shell:Skip shell extension 'powershell' for command environment: Not usable outside of PowerShell
[1.139s] DEBUG:colcon.colcon_core.shell:Skip shell extension 'dsv' for command environment
[1.168s] INFO:colcon.colcon_ros.task.ament_cmake.build:Building ROS package in '/thesis_project/dev_ws/src/my_package' with build type 'ament_cmake'
[1.168s] INFO:colcon.colcon_cmake.task.cmake.build:Building CMake package in '/thesis_project/dev_ws/src/my_package'
[1.169s] INFO:colcon.colcon_core.shell:Skip shell extension 'powershell' for command environment: Not usable outside of PowerShell
[1.170s] DEBUG:colcon.colcon_core.shell:Skip shell extension 'dsv' for command environment
[1.188s] INFO:colcon.colcon_ros.task.ament_cmake.build:Building ROS package in '/thesis_project/simulation_ws/src/ti_rlsk_description' with build type 'ament_cmake'
[1.188s] INFO:colcon.colcon_cmake.task.cmake.build:Building CMake package in '/thesis_project/simulation_ws/src/ti_rlsk_description'
[1.189s] INFO:colcon.colcon_core.shell:Skip shell extension 'powershell' for command environment: Not usable outside of PowerShell
[1.190s] DEBUG:colcon.colcon_core.shell:Skip shell extension 'dsv' for command environment
[1.270s] DEBUG:colcon.colcon_core.event_handler.log_command:Invoking command in '/thesis_project/build/m2wr_description': CMAKE_PREFIX_PATH=/opt/ros/iron /usr/bin/cmake /thesis_project/simulation_ws/src/m2wr_description -DAMENT_CMAKE_SYMLINK_INSTALL=1 -DCMAKE_INSTALL_PREFIX=/thesis_project/install/m2wr_description
[1.296s] DEBUG:colcon.colcon_core.event_handler.log_command:Invoking command in '/thesis_project/build/my_package': CMAKE_PREFIX_PATH=/opt/ros/iron /usr/bin/cmake /thesis_project/dev_ws/src/my_package -DAMENT_CMAKE_SYMLINK_INSTALL=1 -DCMAKE_INSTALL_PREFIX=/thesis_project/install/my_package
[1.318s] DEBUG:colcon.colcon_core.event_handler.log_command:Invoking command in '/thesis_project/build/ti_rlsk_description': CMAKE_PREFIX_PATH=/opt/ros/iron /usr/bin/cmake /thesis_project/simulation_ws/src/ti_rlsk_description -DAMENT_CMAKE_SYMLINK_INSTALL=1 -DCMAKE_INSTALL_PREFIX=/thesis_project/install/ti_rlsk_description
[12.474s] DEBUG:colcon.colcon_core.event_handler.log_command:Invoked command in '/thesis_project/build/ti_rlsk_description' returned '0': CMAKE_PREFIX_PATH=/opt/ros/iron /usr/bin/cmake /thesis_project/simulation_ws/src/ti_rlsk_description -DAMENT_CMAKE_SYMLINK_INSTALL=1 -DCMAKE_INSTALL_PREFIX=/thesis_project/install/ti_rlsk_description
[12.493s] DEBUG:colcon.colcon_core.event_handler.log_command:Invoking command in '/thesis_project/build/ti_rlsk_description': CMAKE_PREFIX_PATH=/opt/ros/iron /usr/bin/cmake --build /thesis_project/build/ti_rlsk_description -- -j12 -l12
[12.496s] DEBUG:colcon.colcon_core.event_handler.log_command:Invoked command in '/thesis_project/build/m2wr_description' returned '0': CMAKE_PREFIX_PATH=/opt/ros/iron /usr/bin/cmake /thesis_project/simulation_ws/src/m2wr_description -DAMENT_CMAKE_SYMLINK_INSTALL=1 -DCMAKE_INSTALL_PREFIX=/thesis_project/install/m2wr_description
[12.515s] DEBUG:colcon.colcon_core.event_handler.log_command:Invoking command in '/thesis_project/build/m2wr_description': CMAKE_PREFIX_PATH=/opt/ros/iron /usr/bin/cmake --build /thesis_project/build/m2wr_description -- -j12 -l12
[12.728s] DEBUG:colcon.colcon_core.event_handler.log_command:Invoked command in '/thesis_project/build/ti_rlsk_description' returned '0': CMAKE_PREFIX_PATH=/opt/ros/iron /usr/bin/cmake --build /thesis_project/build/ti_rlsk_description -- -j12 -l12
[12.743s] DEBUG:colcon.colcon_core.event_handler.log_command:Invoked command in '/thesis_project/build/m2wr_description' returned '0': CMAKE_PREFIX_PATH=/opt/ros/iron /usr/bin/cmake --build /thesis_project/build/m2wr_description -- -j12 -l12
[12.812s] DEBUG:colcon.colcon_core.event_handler.log_command:Invoking command in '/thesis_project/build/ti_rlsk_description': CMAKE_PREFIX_PATH=/opt/ros/iron /usr/bin/cmake --install /thesis_project/build/ti_rlsk_description
[12.822s] DEBUG:colcon.colcon_core.event_handler.log_command:Invoking command in '/thesis_project/build/m2wr_description': CMAKE_PREFIX_PATH=/opt/ros/iron /usr/bin/cmake --install /thesis_project/build/m2wr_description
[12.872s] DEBUG:colcon.colcon_core.event_handler.log_command:Invoked command in '/thesis_project/build/my_package' returned '0': CMAKE_PREFIX_PATH=/opt/ros/iron /usr/bin/cmake /thesis_project/dev_ws/src/my_package -DAMENT_CMAKE_SYMLINK_INSTALL=1 -DCMAKE_INSTALL_PREFIX=/thesis_project/install/my_package
[12.888s] DEBUG:colcon.colcon_core.event_handler.log_command:Invoking command in '/thesis_project/build/my_package': CMAKE_PREFIX_PATH=/opt/ros/iron /usr/bin/cmake --build /thesis_project/build/my_package -- -j12 -l12
[13.086s] DEBUG:colcon.colcon_core.event_handler.log_command:Invoked command in '/thesis_project/build/my_package' returned '0': CMAKE_PREFIX_PATH=/opt/ros/iron /usr/bin/cmake --build /thesis_project/build/my_package -- -j12 -l12
[13.155s] DEBUG:colcon.colcon_core.event_handler.log_command:Invoking command in '/thesis_project/build/my_package': CMAKE_PREFIX_PATH=/opt/ros/iron /usr/bin/cmake --install /thesis_project/build/my_package
[14.074s] Level 1:colcon.colcon_core.environment:create_environment_scripts_only(ti_rlsk_description)
[14.076s] DEBUG:colcon.colcon_core.event_handler.log_command:Invoked command in '/thesis_project/build/ti_rlsk_description' returned '0': CMAKE_PREFIX_PATH=/opt/ros/iron /usr/bin/cmake --install /thesis_project/build/ti_rlsk_description
[14.082s] Level 1:colcon.colcon_core.environment:checking '/thesis_project/install/ti_rlsk_description' for CMake module files
[14.213s] Level 1:colcon.colcon_core.environment:checking '/thesis_project/install/ti_rlsk_description' for CMake config files
[14.344s] Level 1:colcon.colcon_core.shell:create_environment_hook('ti_rlsk_description', 'cmake_prefix_path')
[14.345s] INFO:colcon.colcon_core.shell:Creating environment hook '/thesis_project/install/ti_rlsk_description/share/ti_rlsk_description/hook/cmake_prefix_path.ps1'
[14.378s] INFO:colcon.colcon_core.shell:Creating environment descriptor '/thesis_project/install/ti_rlsk_description/share/ti_rlsk_description/hook/cmake_prefix_path.dsv'
[14.400s] INFO:colcon.colcon_core.shell:Creating environment hook '/thesis_project/install/ti_rlsk_description/share/ti_rlsk_description/hook/cmake_prefix_path.sh'
[14.426s] Level 1:colcon.colcon_core.environment:checking '/thesis_project/install/ti_rlsk_description/bin'
[14.428s] Level 1:colcon.colcon_core.environment:checking '/thesis_project/install/ti_rlsk_description/lib/pkgconfig/ti_rlsk_description.pc'
[14.432s] Level 1:colcon.colcon_core.environment:checking '/thesis_project/install/ti_rlsk_description/lib/python3.10/site-packages'
[14.434s] Level 1:colcon.colcon_core.environment:checking '/thesis_project/install/ti_rlsk_description/bin'
[14.437s] INFO:colcon.colcon_core.shell:Creating package script '/thesis_project/install/ti_rlsk_description/share/ti_rlsk_description/package.ps1'
[14.460s] INFO:colcon.colcon_core.shell:Creating package descriptor '/thesis_project/install/ti_rlsk_description/share/ti_rlsk_description/package.dsv'
[14.486s] INFO:colcon.colcon_core.shell:Creating package script '/thesis_project/install/ti_rlsk_description/share/ti_rlsk_description/package.sh'
[14.518s] INFO:colcon.colcon_core.shell:Creating package script '/thesis_project/install/ti_rlsk_description/share/ti_rlsk_description/package.bash'
[14.541s] INFO:colcon.colcon_core.shell:Creating package script '/thesis_project/install/ti_rlsk_description/share/ti_rlsk_description/package.zsh'
[14.564s] Level 1:colcon.colcon_core.environment:create_file_with_runtime_dependencies(/thesis_project/install/ti_rlsk_description/share/colcon-core/packages/ti_rlsk_description)
[14.591s] Level 1:colcon.colcon_core.environment:create_environment_scripts_only(m2wr_description)
[14.592s] Level 1:colcon.colcon_core.environment:checking '/thesis_project/install/m2wr_description' for CMake module files
[14.593s] DEBUG:colcon.colcon_core.event_handler.log_command:Invoked command in '/thesis_project/build/m2wr_description' returned '0': CMAKE_PREFIX_PATH=/opt/ros/iron /usr/bin/cmake --install /thesis_project/build/m2wr_description
[14.772s] Level 1:colcon.colcon_core.environment:checking '/thesis_project/install/m2wr_description' for CMake config files
[14.944s] Level 1:colcon.colcon_core.shell:create_environment_hook('m2wr_description', 'cmake_prefix_path')
[14.945s] INFO:colcon.colcon_core.shell:Creating environment hook '/thesis_project/install/m2wr_description/share/m2wr_description/hook/cmake_prefix_path.ps1'
[14.967s] INFO:colcon.colcon_core.shell:Creating environment descriptor '/thesis_project/install/m2wr_description/share/m2wr_description/hook/cmake_prefix_path.dsv'
[14.991s] INFO:colcon.colcon_core.shell:Creating environment hook '/thesis_project/install/m2wr_description/share/m2wr_description/hook/cmake_prefix_path.sh'
[15.024s] Level 1:colcon.colcon_core.environment:checking '/thesis_project/install/m2wr_description/bin'
[15.026s] Level 1:colcon.colcon_core.environment:checking '/thesis_project/install/m2wr_description/lib/pkgconfig/m2wr_description.pc'
[15.029s] Level 1:colcon.colcon_core.environment:checking '/thesis_project/install/m2wr_description/lib/python3.10/site-packages'
[15.032s] Level 1:colcon.colcon_core.environment:checking '/thesis_project/install/m2wr_description/bin'
[15.035s] INFO:colcon.colcon_core.shell:Creating package script '/thesis_project/install/m2wr_description/share/m2wr_description/package.ps1'
[15.060s] INFO:colcon.colcon_core.shell:Creating package descriptor '/thesis_project/install/m2wr_description/share/m2wr_description/package.dsv'
[15.087s] INFO:colcon.colcon_core.shell:Creating package script '/thesis_project/install/m2wr_description/share/m2wr_description/package.sh'
[15.105s] INFO:colcon.colcon_core.shell:Creating package script '/thesis_project/install/m2wr_description/share/m2wr_description/package.bash'
[15.140s] INFO:colcon.colcon_core.shell:Creating package script '/thesis_project/install/m2wr_description/share/m2wr_description/package.zsh'
[15.168s] Level 1:colcon.colcon_core.environment:create_file_with_runtime_dependencies(/thesis_project/install/m2wr_description/share/colcon-core/packages/m2wr_description)
[15.208s] Level 1:colcon.colcon_core.environment:create_environment_scripts_only(ti_rlsk_description)
[15.209s] Level 1:colcon.colcon_core.environment:checking '/thesis_project/install/ti_rlsk_description' for CMake module files
[15.441s] Level 1:colcon.colcon_core.environment:checking '/thesis_project/install/ti_rlsk_description' for CMake config files
[15.599s] Level 1:colcon.colcon_core.shell:create_environment_hook('ti_rlsk_description', 'cmake_prefix_path')
[15.600s] INFO:colcon.colcon_core.shell:Creating environment hook '/thesis_project/install/ti_rlsk_description/share/ti_rlsk_description/hook/cmake_prefix_path.ps1'
[15.629s] INFO:colcon.colcon_core.shell:Creating environment descriptor '/thesis_project/install/ti_rlsk_description/share/ti_rlsk_description/hook/cmake_prefix_path.dsv'
[15.659s] INFO:colcon.colcon_core.shell:Creating environment hook '/thesis_project/install/ti_rlsk_description/share/ti_rlsk_description/hook/cmake_prefix_path.sh'
[15.687s] Level 1:colcon.colcon_core.environment:checking '/thesis_project/install/ti_rlsk_description/bin'
[15.689s] Level 1:colcon.colcon_core.environment:checking '/thesis_project/install/ti_rlsk_description/lib/pkgconfig/ti_rlsk_description.pc'
[15.691s] Level 1:colcon.colcon_core.environment:checking '/thesis_project/install/ti_rlsk_description/lib/python3.10/site-packages'
[15.694s] Level 1:colcon.colcon_core.environment:checking '/thesis_project/install/ti_rlsk_description/bin'
[15.697s] INFO:colcon.colcon_core.shell:Creating package script '/thesis_project/install/ti_rlsk_description/share/ti_rlsk_description/package.ps1'
[15.718s] INFO:colcon.colcon_core.shell:Creating package descriptor '/thesis_project/install/ti_rlsk_description/share/ti_rlsk_description/package.dsv'
[15.742s] INFO:colcon.colcon_core.shell:Creating package script '/thesis_project/install/ti_rlsk_description/share/ti_rlsk_description/package.sh'
[15.762s] INFO:colcon.colcon_core.shell:Creating package script '/thesis_project/install/ti_rlsk_description/share/ti_rlsk_description/package.bash'
[15.781s] INFO:colcon.colcon_core.shell:Creating package script '/thesis_project/install/ti_rlsk_description/share/ti_rlsk_description/package.zsh'
[15.800s] Level 1:colcon.colcon_core.environment:create_file_with_runtime_dependencies(/thesis_project/install/ti_rlsk_description/share/colcon-core/packages/ti_rlsk_description)
[15.820s] Level 1:colcon.colcon_core.environment:create_environment_scripts_only(my_package)
[15.821s] Level 1:colcon.colcon_core.environment:checking '/thesis_project/install/my_package' for CMake module files
[15.834s] DEBUG:colcon.colcon_core.event_handler.log_command:Invoked command in '/thesis_project/build/my_package' returned '0': CMAKE_PREFIX_PATH=/opt/ros/iron /usr/bin/cmake --install /thesis_project/build/my_package
[15.982s] Level 1:colcon.colcon_core.environment:checking '/thesis_project/install/my_package' for CMake config files
[16.123s] Level 1:colcon.colcon_core.shell:create_environment_hook('my_package', 'cmake_prefix_path')
[16.123s] INFO:colcon.colcon_core.shell:Creating environment hook '/thesis_project/install/my_package/share/my_package/hook/cmake_prefix_path.ps1'
[16.145s] INFO:colcon.colcon_core.shell:Creating environment descriptor '/thesis_project/install/my_package/share/my_package/hook/cmake_prefix_path.dsv'
[16.182s] INFO:colcon.colcon_core.shell:Creating environment hook '/thesis_project/install/my_package/share/my_package/hook/cmake_prefix_path.sh'
[16.211s] Level 1:colcon.colcon_core.environment:checking '/thesis_project/install/my_package/bin'
[16.213s] Level 1:colcon.colcon_core.environment:checking '/thesis_project/install/my_package/lib/pkgconfig/my_package.pc'
[16.216s] Level 1:colcon.colcon_core.environment:checking '/thesis_project/install/my_package/lib/python3.10/site-packages'
[16.218s] Level 1:colcon.colcon_core.environment:checking '/thesis_project/install/my_package/bin'
[16.221s] INFO:colcon.colcon_core.shell:Creating package script '/thesis_project/install/my_package/share/my_package/package.ps1'
[16.241s] INFO:colcon.colcon_core.shell:Creating package descriptor '/thesis_project/install/my_package/share/my_package/package.dsv'
[16.267s] INFO:colcon.colcon_core.shell:Creating package script '/thesis_project/install/my_package/share/my_package/package.sh'
[16.284s] INFO:colcon.colcon_core.shell:Creating package script '/thesis_project/install/my_package/share/my_package/package.bash'
[16.315s] INFO:colcon.colcon_core.shell:Creating package script '/thesis_project/install/my_package/share/my_package/package.zsh'
[16.337s] Level 1:colcon.colcon_core.environment:create_file_with_runtime_dependencies(/thesis_project/install/my_package/share/colcon-core/packages/my_package)
[16.368s] Level 1:colcon.colcon_core.environment:create_environment_scripts_only(m2wr_description)
[16.369s] Level 1:colcon.colcon_core.environment:checking '/thesis_project/install/m2wr_description' for CMake module files
[16.527s] Level 1:colcon.colcon_core.environment:checking '/thesis_project/install/m2wr_description' for CMake config files
[16.674s] Level 1:colcon.colcon_core.shell:create_environment_hook('m2wr_description', 'cmake_prefix_path')
[16.674s] INFO:colcon.colcon_core.shell:Creating environment hook '/thesis_project/install/m2wr_description/share/m2wr_description/hook/cmake_prefix_path.ps1'
[16.697s] INFO:colcon.colcon_core.shell:Creating environment descriptor '/thesis_project/install/m2wr_description/share/m2wr_description/hook/cmake_prefix_path.dsv'
[16.721s] INFO:colcon.colcon_core.shell:Creating environment hook '/thesis_project/install/m2wr_description/share/m2wr_description/hook/cmake_prefix_path.sh'
[16.749s] Level 1:colcon.colcon_core.environment:checking '/thesis_project/install/m2wr_description/bin'
[16.751s] Level 1:colcon.colcon_core.environment:checking '/thesis_project/install/m2wr_description/lib/pkgconfig/m2wr_description.pc'
[16.754s] Level 1:colcon.colcon_core.environment:checking '/thesis_project/install/m2wr_description/lib/python3.10/site-packages'
[16.756s] Level 1:colcon.colcon_core.environment:checking '/thesis_project/install/m2wr_description/bin'
[16.759s] INFO:colcon.colcon_core.shell:Creating package script '/thesis_project/install/m2wr_description/share/m2wr_description/package.ps1'
[16.780s] INFO:colcon.colcon_core.shell:Creating package descriptor '/thesis_project/install/m2wr_description/share/m2wr_description/package.dsv'
[16.797s] INFO:colcon.colcon_core.shell:Creating package script '/thesis_project/install/m2wr_description/share/m2wr_description/package.sh'
[16.814s] INFO:colcon.colcon_core.shell:Creating package script '/thesis_project/install/m2wr_description/share/m2wr_description/package.bash'
[16.833s] INFO:colcon.colcon_core.shell:Creating package script '/thesis_project/install/m2wr_description/share/m2wr_description/package.zsh'
[16.852s] Level 1:colcon.colcon_core.environment:create_file_with_runtime_dependencies(/thesis_project/install/m2wr_description/share/colcon-core/packages/m2wr_description)
[16.869s] Level 1:colcon.colcon_core.environment:create_environment_scripts_only(my_package)
[16.869s] Level 1:colcon.colcon_core.environment:checking '/thesis_project/install/my_package' for CMake module files
[17.055s] Level 1:colcon.colcon_core.environment:checking '/thesis_project/install/my_package' for CMake config files
[17.227s] Level 1:colcon.colcon_core.shell:create_environment_hook('my_package', 'cmake_prefix_path')
[17.228s] INFO:colcon.colcon_core.shell:Creating environment hook '/thesis_project/install/my_package/share/my_package/hook/cmake_prefix_path.ps1'
[17.255s] INFO:colcon.colcon_core.shell:Creating environment descriptor '/thesis_project/install/my_package/share/my_package/hook/cmake_prefix_path.dsv'
[17.285s] INFO:colcon.colcon_core.shell:Creating environment hook '/thesis_project/install/my_package/share/my_package/hook/cmake_prefix_path.sh'
[17.326s] Level 1:colcon.colcon_core.environment:checking '/thesis_project/install/my_package/bin'
[17.329s] Level 1:colcon.colcon_core.environment:checking '/thesis_project/install/my_package/lib/pkgconfig/my_package.pc'
[17.332s] Level 1:colcon.colcon_core.environment:checking '/thesis_project/install/my_package/lib/python3.10/site-packages'
[17.335s] Level 1:colcon.colcon_core.environment:checking '/thesis_project/install/my_package/bin'
[17.338s] INFO:colcon.colcon_core.shell:Creating package script '/thesis_project/install/my_package/share/my_package/package.ps1'
[17.368s] INFO:colcon.colcon_core.shell:Creating package descriptor '/thesis_project/install/my_package/share/my_package/package.dsv'
[17.391s] INFO:colcon.colcon_core.shell:Creating package script '/thesis_project/install/my_package/share/my_package/package.sh'
[17.410s] INFO:colcon.colcon_core.shell:Creating package script '/thesis_project/install/my_package/share/my_package/package.bash'
[17.429s] INFO:colcon.colcon_core.shell:Creating package script '/thesis_project/install/my_package/share/my_package/package.zsh'
[17.447s] Level 1:colcon.colcon_core.environment:create_file_with_runtime_dependencies(/thesis_project/install/my_package/share/colcon-core/packages/my_package)
[17.463s] DEBUG:colcon.colcon_parallel_executor.executor.parallel:closing loop
[17.463s] DEBUG:colcon.colcon_parallel_executor.executor.parallel:loop closed
[17.464s] DEBUG:colcon.colcon_parallel_executor.executor.parallel:run_until_complete finished with '0'
[17.464s] DEBUG:colcon.colcon_core.event_reactor:joining thread
[17.513s] INFO:colcon.colcon_core.plugin_system:Skipping extension 'colcon_notification.desktop_notification.notify_send': Could not find 'notify-send'
[17.514s] INFO:colcon.colcon_core.plugin_system:Skipping extension 'colcon_notification.desktop_notification.terminal_notifier': Not used on non-Darwin systems
[17.514s] INFO:colcon.colcon_core.plugin_system:Skipping extension 'colcon_notification.desktop_notification.win32': Not used on non-Windows systems
[17.515s] INFO:colcon.colcon_notification.desktop_notification:Sending desktop notification using 'notify2'
[17.532s] DEBUG:colcon.colcon_notification.desktop_notification.notify2:Failed to initialize notify2: org.freedesktop.DBus.Error.ServiceUnknown: The name org.freedesktop.Notifications was not provided by any .service files
[17.533s] DEBUG:colcon.colcon_core.event_reactor:joined thread
[17.534s] INFO:colcon.colcon_core.shell:Creating prefix script '/thesis_project/install/local_setup.ps1'
[17.547s] INFO:colcon.colcon_core.shell:Creating prefix util module '/thesis_project/install/_local_setup_util_ps1.py'
[17.572s] INFO:colcon.colcon_core.shell:Creating prefix chain script '/thesis_project/install/setup.ps1'
[17.583s] INFO:colcon.colcon_core.shell:Creating prefix script '/thesis_project/install/local_setup.sh'
[17.595s] INFO:colcon.colcon_core.shell:Creating prefix util module '/thesis_project/install/_local_setup_util_sh.py'
[17.603s] INFO:colcon.colcon_core.shell:Creating prefix chain script '/thesis_project/install/setup.sh'
[17.613s] INFO:colcon.colcon_core.shell:Creating prefix script '/thesis_project/install/local_setup.bash'
[17.623s] INFO:colcon.colcon_core.shell:Creating prefix chain script '/thesis_project/install/setup.bash'
[17.633s] INFO:colcon.colcon_core.shell:Creating prefix script '/thesis_project/install/local_setup.zsh'
[17.644s] INFO:colcon.colcon_core.shell:Creating prefix chain script '/thesis_project/install/setup.zsh'
