running egg_info
creating ../../build/multi_robot_controller/multi_robot_controller.egg-info
writing ../../build/multi_robot_controller/multi_robot_controller.egg-info/PKG-INFO
writing dependency_links to ../../build/multi_robot_controller/multi_robot_controller.egg-info/dependency_links.txt
writing entry points to ../../build/multi_robot_controller/multi_robot_controller.egg-info/entry_points.txt
writing requirements to ../../build/multi_robot_controller/multi_robot_controller.egg-info/requires.txt
writing top-level names to ../../build/multi_robot_controller/multi_robot_controller.egg-info/top_level.txt
writing manifest file '../../build/multi_robot_controller/multi_robot_controller.egg-info/SOURCES.txt'
reading manifest file '../../build/multi_robot_controller/multi_robot_controller.egg-info/SOURCES.txt'
writing manifest file '../../build/multi_robot_controller/multi_robot_controller.egg-info/SOURCES.txt'
running build
running build_py
creating /thesis_project/robotgym_ws/build/multi_robot_controller/build
creating /thesis_project/robotgym_ws/build/multi_robot_controller/build/lib
creating /thesis_project/robotgym_ws/build/multi_robot_controller/build/lib/multi_robot_controller
copying multi_robot_controller/__init__.py -> /thesis_project/robotgym_ws/build/multi_robot_controller/build/lib/multi_robot_controller
running install
running install_lib
creating /thesis_project/robotgym_ws/install/multi_robot_controller/lib/python3.10/site-packages/multi_robot_controller
copying /thesis_project/robotgym_ws/build/multi_robot_controller/build/lib/multi_robot_controller/__init__.py -> /thesis_project/robotgym_ws/install/multi_robot_controller/lib/python3.10/site-packages/multi_robot_controller
byte-compiling /thesis_project/robotgym_ws/install/multi_robot_controller/lib/python3.10/site-packages/multi_robot_controller/__init__.py to __init__.cpython-310.pyc
running install_data
creating /thesis_project/robotgym_ws/install/multi_robot_controller/share/ament_index
creating /thesis_project/robotgym_ws/install/multi_robot_controller/share/ament_index/resource_index
creating /thesis_project/robotgym_ws/install/multi_robot_controller/share/ament_index/resource_index/packages
copying resource/multi_robot_controller -> /thesis_project/robotgym_ws/install/multi_robot_controller/share/ament_index/resource_index/packages
copying package.xml -> /thesis_project/robotgym_ws/install/multi_robot_controller/share/multi_robot_controller
running install_egg_info
Copying ../../build/multi_robot_controller/multi_robot_controller.egg-info to /thesis_project/robotgym_ws/install/multi_robot_controller/lib/python3.10/site-packages/multi_robot_controller-0.0.0-py3.10.egg-info
running install_scripts
writing list of installed files to '/thesis_project/robotgym_ws/build/multi_robot_controller/install.log'
