[1.544s] DEBUG:colcon:Command line arguments: ['/usr/bin/colcon', 'build', '--packages-select', 'ti_rlsk_pkg']
[1.545s] DEBUG:colcon:Parsed command line arguments: Namespace(log_base=None, log_level=None, verb_name='build', build_base='build', install_base='install', merge_install=False, symlink_install=False, test_result_base=None, continue_on_error=False, executor='parallel', parallel_workers=12, event_handlers=None, ignore_user_meta=False, metas=['./colcon.meta'], base_paths=['.'], packages_ignore=None, packages_ignore_regex=None, paths=None, packages_up_to=None, packages_up_to_regex=None, packages_above=None, packages_above_and_dependencies=None, packages_above_depth=None, packages_select_by_dep=None, packages_skip_by_dep=None, packages_skip_up_to=None, packages_select_build_failed=False, packages_skip_build_finished=False, packages_select_test_failures=False, packages_skip_test_passed=False, packages_select=['ti_rlsk_pkg'], packages_skip=None, packages_select_regex=None, packages_skip_regex=None, packages_start=None, packages_end=None, cmake_args=None, cmake_target=None, cmake_target_skip_unavailable=False, cmake_clean_cache=False, cmake_clean_first=False, cmake_force_configure=False, ament_cmake_args=None, catkin_cmake_args=None, catkin_skip_building_tests=False, mixin_files=None, mixin=None, verb_parser=<colcon_mixin.mixin.mixin_argument.MixinArgumentDecorator object at 0x7f4d8d5542b0>, verb_extension=<colcon_core.verb.build.BuildVerb object at 0x7f4d8d66c970>, main=<bound method BuildVerb.main of <colcon_core.verb.build.BuildVerb object at 0x7f4d8d66c970>>, mixin_verb=('build',))
[2.626s] Level 1:colcon.colcon_core.package_discovery:discover_packages(colcon_meta) check parameters
[2.627s] Level 1:colcon.colcon_core.package_discovery:discover_packages(recursive) check parameters
[2.627s] Level 1:colcon.colcon_core.package_discovery:discover_packages(ignore) check parameters
[2.628s] Level 1:colcon.colcon_core.package_discovery:discover_packages(path) check parameters
[2.628s] Level 1:colcon.colcon_core.package_discovery:discover_packages(colcon_meta) discover
[2.628s] Level 1:colcon.colcon_core.package_discovery:discover_packages(recursive) discover
[2.629s] INFO:colcon.colcon_core.package_discovery:Crawling recursively for packages in '/thesis_project/robotgym_ws'
[2.632s] Level 1:colcon.colcon_core.package_identification:_identify(.) by extensions ['ignore', 'ignore_ament_install']
[2.632s] Level 1:colcon.colcon_core.package_identification:_identify(.) by extension 'ignore'
[2.633s] Level 1:colcon.colcon_core.package_identification:_identify(.) by extension 'ignore_ament_install'
[2.634s] Level 1:colcon.colcon_core.package_identification:_identify(.) by extensions ['colcon_pkg']
[2.635s] Level 1:colcon.colcon_core.package_identification:_identify(.) by extension 'colcon_pkg'
[2.636s] Level 1:colcon.colcon_core.package_identification:_identify(.) by extensions ['colcon_meta']
[2.636s] Level 1:colcon.colcon_core.package_identification:_identify(.) by extension 'colcon_meta'
[2.637s] Level 1:colcon.colcon_core.package_identification:_identify(.) by extensions ['ros']
[2.637s] Level 1:colcon.colcon_core.package_identification:_identify(.) by extension 'ros'
[2.684s] Level 1:colcon.colcon_core.package_identification:_identify(.) by extensions ['cmake', 'python']
[2.684s] Level 1:colcon.colcon_core.package_identification:_identify(.) by extension 'cmake'
[2.685s] Level 1:colcon.colcon_core.package_identification:_identify(.) by extension 'python'
[2.686s] Level 1:colcon.colcon_core.package_identification:_identify(.) by extensions ['python_setup_py']
[2.686s] Level 1:colcon.colcon_core.package_identification:_identify(.) by extension 'python_setup_py'
[2.692s] Level 1:colcon.colcon_core.package_identification:_identify(build) by extensions ['ignore', 'ignore_ament_install']
[2.692s] Level 1:colcon.colcon_core.package_identification:_identify(build) by extension 'ignore'
[2.695s] Level 1:colcon.colcon_core.package_identification:_identify(build) ignored
[2.700s] Level 1:colcon.colcon_core.package_identification:_identify(install) by extensions ['ignore', 'ignore_ament_install']
[2.701s] Level 1:colcon.colcon_core.package_identification:_identify(install) by extension 'ignore'
[2.703s] Level 1:colcon.colcon_core.package_identification:_identify(install) ignored
[2.712s] Level 1:colcon.colcon_core.package_identification:_identify(log) by extensions ['ignore', 'ignore_ament_install']
[2.712s] Level 1:colcon.colcon_core.package_identification:_identify(log) by extension 'ignore'
[2.715s] Level 1:colcon.colcon_core.package_identification:_identify(log) ignored
[2.720s] Level 1:colcon.colcon_core.package_identification:_identify(src) by extensions ['ignore', 'ignore_ament_install']
[2.721s] Level 1:colcon.colcon_core.package_identification:_identify(src) by extension 'ignore'
[2.722s] Level 1:colcon.colcon_core.package_identification:_identify(src) by extension 'ignore_ament_install'
[2.725s] Level 1:colcon.colcon_core.package_identification:_identify(src) by extensions ['colcon_pkg']
[2.726s] Level 1:colcon.colcon_core.package_identification:_identify(src) by extension 'colcon_pkg'
[2.727s] Level 1:colcon.colcon_core.package_identification:_identify(src) by extensions ['colcon_meta']
[2.727s] Level 1:colcon.colcon_core.package_identification:_identify(src) by extension 'colcon_meta'
[2.729s] Level 1:colcon.colcon_core.package_identification:_identify(src) by extensions ['ros']
[2.729s] Level 1:colcon.colcon_core.package_identification:_identify(src) by extension 'ros'
[2.734s] Level 1:colcon.colcon_core.package_identification:_identify(src) by extensions ['cmake', 'python']
[2.735s] Level 1:colcon.colcon_core.package_identification:_identify(src) by extension 'cmake'
[2.736s] Level 1:colcon.colcon_core.package_identification:_identify(src) by extension 'python'
[2.738s] Level 1:colcon.colcon_core.package_identification:_identify(src) by extensions ['python_setup_py']
[2.738s] Level 1:colcon.colcon_core.package_identification:_identify(src) by extension 'python_setup_py'
[2.746s] Level 1:colcon.colcon_core.package_identification:_identify(src/common_dependencies) by extensions ['ignore', 'ignore_ament_install']
[2.747s] Level 1:colcon.colcon_core.package_identification:_identify(src/common_dependencies) by extension 'ignore'
[2.749s] Level 1:colcon.colcon_core.package_identification:_identify(src/common_dependencies) by extension 'ignore_ament_install'
[2.753s] Level 1:colcon.colcon_core.package_identification:_identify(src/common_dependencies) by extensions ['colcon_pkg']
[2.754s] Level 1:colcon.colcon_core.package_identification:_identify(src/common_dependencies) by extension 'colcon_pkg'
[2.757s] Level 1:colcon.colcon_core.package_identification:_identify(src/common_dependencies) by extensions ['colcon_meta']
[2.757s] Level 1:colcon.colcon_core.package_identification:_identify(src/common_dependencies) by extension 'colcon_meta'
[2.761s] Level 1:colcon.colcon_core.package_identification:_identify(src/common_dependencies) by extensions ['ros']
[2.761s] Level 1:colcon.colcon_core.package_identification:_identify(src/common_dependencies) by extension 'ros'
[2.794s] DEBUG:colcon.colcon_core.package_identification:Package 'src/common_dependencies' with type 'ros.ament_python' and name 'common_dependencies'
[2.804s] Level 1:colcon.colcon_core.package_identification:_identify(src/multi_robot_controller) by extensions ['ignore', 'ignore_ament_install']
[2.805s] Level 1:colcon.colcon_core.package_identification:_identify(src/multi_robot_controller) by extension 'ignore'
[2.807s] Level 1:colcon.colcon_core.package_identification:_identify(src/multi_robot_controller) by extension 'ignore_ament_install'
[2.813s] Level 1:colcon.colcon_core.package_identification:_identify(src/multi_robot_controller) by extensions ['colcon_pkg']
[2.813s] Level 1:colcon.colcon_core.package_identification:_identify(src/multi_robot_controller) by extension 'colcon_pkg'
[2.816s] Level 1:colcon.colcon_core.package_identification:_identify(src/multi_robot_controller) by extensions ['colcon_meta']
[2.817s] Level 1:colcon.colcon_core.package_identification:_identify(src/multi_robot_controller) by extension 'colcon_meta'
[2.821s] Level 1:colcon.colcon_core.package_identification:_identify(src/multi_robot_controller) by extensions ['ros']
[2.822s] Level 1:colcon.colcon_core.package_identification:_identify(src/multi_robot_controller) by extension 'ros'
[2.847s] DEBUG:colcon.colcon_core.package_identification:Package 'src/multi_robot_controller' with type 'ros.ament_python' and name 'multi_robot_controller'
[2.853s] Level 1:colcon.colcon_core.package_identification:_identify(src/ti_rlsk_pkg) by extensions ['ignore', 'ignore_ament_install']
[2.854s] Level 1:colcon.colcon_core.package_identification:_identify(src/ti_rlsk_pkg) by extension 'ignore'
[2.857s] Level 1:colcon.colcon_core.package_identification:_identify(src/ti_rlsk_pkg) by extension 'ignore_ament_install'
[2.861s] Level 1:colcon.colcon_core.package_identification:_identify(src/ti_rlsk_pkg) by extensions ['colcon_pkg']
[2.861s] Level 1:colcon.colcon_core.package_identification:_identify(src/ti_rlsk_pkg) by extension 'colcon_pkg'
[2.863s] Level 1:colcon.colcon_core.package_identification:_identify(src/ti_rlsk_pkg) by extensions ['colcon_meta']
[2.863s] Level 1:colcon.colcon_core.package_identification:_identify(src/ti_rlsk_pkg) by extension 'colcon_meta'
[2.866s] Level 1:colcon.colcon_core.package_identification:_identify(src/ti_rlsk_pkg) by extensions ['ros']
[2.866s] Level 1:colcon.colcon_core.package_identification:_identify(src/ti_rlsk_pkg) by extension 'ros'
[2.894s] DEBUG:colcon.colcon_core.package_identification:Package 'src/ti_rlsk_pkg' with type 'ros.ament_python' and name 'ti_rlsk_pkg'
[2.902s] Level 1:colcon.colcon_core.package_identification:_identify(src/user_interface) by extensions ['ignore', 'ignore_ament_install']
[2.902s] Level 1:colcon.colcon_core.package_identification:_identify(src/user_interface) by extension 'ignore'
[2.904s] Level 1:colcon.colcon_core.package_identification:_identify(src/user_interface) by extension 'ignore_ament_install'
[2.909s] Level 1:colcon.colcon_core.package_identification:_identify(src/user_interface) by extensions ['colcon_pkg']
[2.910s] Level 1:colcon.colcon_core.package_identification:_identify(src/user_interface) by extension 'colcon_pkg'
[2.912s] Level 1:colcon.colcon_core.package_identification:_identify(src/user_interface) by extensions ['colcon_meta']
[2.912s] Level 1:colcon.colcon_core.package_identification:_identify(src/user_interface) by extension 'colcon_meta'
[2.916s] Level 1:colcon.colcon_core.package_identification:_identify(src/user_interface) by extensions ['ros']
[2.916s] Level 1:colcon.colcon_core.package_identification:_identify(src/user_interface) by extension 'ros'
[2.947s] DEBUG:colcon.colcon_core.package_identification:Package 'src/user_interface' with type 'ros.ament_python' and name 'user_interface'
[2.947s] Level 1:colcon.colcon_core.package_discovery:discover_packages(recursive) using defaults
[2.948s] Level 1:colcon.colcon_core.package_discovery:discover_packages(ignore) discover
[2.948s] Level 1:colcon.colcon_core.package_discovery:discover_packages(ignore) using defaults
[2.948s] Level 1:colcon.colcon_core.package_discovery:discover_packages(path) discover
[2.949s] Level 1:colcon.colcon_core.package_discovery:discover_packages(path) using defaults
[3.320s] INFO:colcon.colcon_core.package_selection:Skipping not selected package 'common_dependencies' in 'src/common_dependencies'
[3.321s] INFO:colcon.colcon_core.package_selection:Skipping not selected package 'multi_robot_controller' in 'src/multi_robot_controller'
[3.321s] INFO:colcon.colcon_core.package_selection:Skipping not selected package 'user_interface' in 'src/user_interface'
[3.323s] Level 5:colcon.colcon_core.verb:set package 'ti_rlsk_pkg' build argument 'cmake_args' from command line to 'None'
[3.323s] Level 5:colcon.colcon_core.verb:set package 'ti_rlsk_pkg' build argument 'cmake_target' from command line to 'None'
[3.324s] Level 5:colcon.colcon_core.verb:set package 'ti_rlsk_pkg' build argument 'cmake_target_skip_unavailable' from command line to 'False'
[3.324s] Level 5:colcon.colcon_core.verb:set package 'ti_rlsk_pkg' build argument 'cmake_clean_cache' from command line to 'False'
[3.325s] Level 5:colcon.colcon_core.verb:set package 'ti_rlsk_pkg' build argument 'cmake_clean_first' from command line to 'False'
[3.325s] Level 5:colcon.colcon_core.verb:set package 'ti_rlsk_pkg' build argument 'cmake_force_configure' from command line to 'False'
[3.326s] Level 5:colcon.colcon_core.verb:set package 'ti_rlsk_pkg' build argument 'ament_cmake_args' from command line to 'None'
[3.326s] Level 5:colcon.colcon_core.verb:set package 'ti_rlsk_pkg' build argument 'catkin_cmake_args' from command line to 'None'
[3.327s] Level 5:colcon.colcon_core.verb:set package 'ti_rlsk_pkg' build argument 'catkin_skip_building_tests' from command line to 'False'
[3.327s] DEBUG:colcon.colcon_core.verb:Building package 'ti_rlsk_pkg' with the following arguments: {'ament_cmake_args': None, 'build_base': '/thesis_project/robotgym_ws/build/ti_rlsk_pkg', 'catkin_cmake_args': None, 'catkin_skip_building_tests': False, 'cmake_args': None, 'cmake_clean_cache': False, 'cmake_clean_first': False, 'cmake_force_configure': False, 'cmake_target': None, 'cmake_target_skip_unavailable': False, 'install_base': '/thesis_project/robotgym_ws/install/ti_rlsk_pkg', 'merge_install': False, 'path': '/thesis_project/robotgym_ws/src/ti_rlsk_pkg', 'symlink_install': False, 'test_result_base': None}
[3.328s] INFO:colcon.colcon_core.executor:Executing jobs using 'parallel' executor
[3.330s] DEBUG:colcon.colcon_parallel_executor.executor.parallel:run_until_complete
[3.331s] INFO:colcon.colcon_ros.task.ament_python.build:Building ROS package in '/thesis_project/robotgym_ws/src/ti_rlsk_pkg' with build type 'ament_python'
[3.331s] Level 1:colcon.colcon_core.shell:create_environment_hook('ti_rlsk_pkg', 'ament_prefix_path')
[3.382s] INFO:colcon.colcon_core.plugin_system:Skipping extension 'colcon_core.shell.bat': Not used on non-Windows systems
[3.383s] INFO:colcon.colcon_core.shell:Creating environment hook '/thesis_project/robotgym_ws/install/ti_rlsk_pkg/share/ti_rlsk_pkg/hook/ament_prefix_path.ps1'
[3.410s] INFO:colcon.colcon_core.shell:Creating environment descriptor '/thesis_project/robotgym_ws/install/ti_rlsk_pkg/share/ti_rlsk_pkg/hook/ament_prefix_path.dsv'
[3.438s] INFO:colcon.colcon_core.shell:Creating environment hook '/thesis_project/robotgym_ws/install/ti_rlsk_pkg/share/ti_rlsk_pkg/hook/ament_prefix_path.sh'
[3.474s] INFO:colcon.colcon_core.shell:Skip shell extension 'powershell' for command environment: Not usable outside of PowerShell
[3.475s] DEBUG:colcon.colcon_core.shell:Skip shell extension 'dsv' for command environment
[7.140s] INFO:colcon.colcon_core.task.python.build:Building Python package in '/thesis_project/robotgym_ws/src/ti_rlsk_pkg'
[7.141s] INFO:colcon.colcon_core.shell:Skip shell extension 'powershell' for command environment: Not usable outside of PowerShell
[7.141s] DEBUG:colcon.colcon_core.shell:Skip shell extension 'dsv' for command environment
[12.196s] DEBUG:colcon.colcon_core.event_handler.log_command:Invoking command in '/thesis_project/robotgym_ws/src/ti_rlsk_pkg': PYTHONPATH=/thesis_project/robotgym_ws/build/ti_rlsk_pkg/prefix_override:/thesis_project/robotgym_ws/install/ti_rlsk_pkg/lib/python3.10/site-packages:${PYTHONPATH} /usr/bin/python3 -W ignore:setup.py install is deprecated setup.py egg_info --egg-base ../../build/ti_rlsk_pkg build --build-base /thesis_project/robotgym_ws/build/ti_rlsk_pkg/build install --record /thesis_project/robotgym_ws/build/ti_rlsk_pkg/install.log --single-version-externally-managed install_data
[18.760s] DEBUG:colcon.colcon_core.event_handler.log_command:Invoked command in '/thesis_project/robotgym_ws/src/ti_rlsk_pkg' returned '0': PYTHONPATH=/thesis_project/robotgym_ws/build/ti_rlsk_pkg/prefix_override:/thesis_project/robotgym_ws/install/ti_rlsk_pkg/lib/python3.10/site-packages:${PYTHONPATH} /usr/bin/python3 -W ignore:setup.py install is deprecated setup.py egg_info --egg-base ../../build/ti_rlsk_pkg build --build-base /thesis_project/robotgym_ws/build/ti_rlsk_pkg/build install --record /thesis_project/robotgym_ws/build/ti_rlsk_pkg/install.log --single-version-externally-managed install_data
[18.820s] Level 1:colcon.colcon_core.environment:checking '/thesis_project/robotgym_ws/install/ti_rlsk_pkg' for CMake module files
[18.983s] Level 1:colcon.colcon_core.environment:checking '/thesis_project/robotgym_ws/install/ti_rlsk_pkg' for CMake config files
[19.249s] Level 1:colcon.colcon_core.environment:checking '/thesis_project/robotgym_ws/install/ti_rlsk_pkg/lib'
[19.258s] Level 1:colcon.colcon_core.environment:checking '/thesis_project/robotgym_ws/install/ti_rlsk_pkg/bin'
[19.261s] Level 1:colcon.colcon_core.environment:checking '/thesis_project/robotgym_ws/install/ti_rlsk_pkg/lib/pkgconfig/ti_rlsk_pkg.pc'
[19.264s] Level 1:colcon.colcon_core.environment:checking '/thesis_project/robotgym_ws/install/ti_rlsk_pkg/lib/python3.10/site-packages'
[19.269s] Level 1:colcon.colcon_core.shell:create_environment_hook('ti_rlsk_pkg', 'pythonpath')
[19.270s] INFO:colcon.colcon_core.shell:Creating environment hook '/thesis_project/robotgym_ws/install/ti_rlsk_pkg/share/ti_rlsk_pkg/hook/pythonpath.ps1'
[19.298s] INFO:colcon.colcon_core.shell:Creating environment descriptor '/thesis_project/robotgym_ws/install/ti_rlsk_pkg/share/ti_rlsk_pkg/hook/pythonpath.dsv'
[19.323s] INFO:colcon.colcon_core.shell:Creating environment hook '/thesis_project/robotgym_ws/install/ti_rlsk_pkg/share/ti_rlsk_pkg/hook/pythonpath.sh'
[19.354s] Level 1:colcon.colcon_core.environment:checking '/thesis_project/robotgym_ws/install/ti_rlsk_pkg/bin'
[19.357s] Level 1:colcon.colcon_core.environment:create_environment_scripts_only(ti_rlsk_pkg)
[19.359s] INFO:colcon.colcon_core.shell:Creating package script '/thesis_project/robotgym_ws/install/ti_rlsk_pkg/share/ti_rlsk_pkg/package.ps1'
[19.387s] INFO:colcon.colcon_core.shell:Creating package descriptor '/thesis_project/robotgym_ws/install/ti_rlsk_pkg/share/ti_rlsk_pkg/package.dsv'
[19.417s] INFO:colcon.colcon_core.shell:Creating package script '/thesis_project/robotgym_ws/install/ti_rlsk_pkg/share/ti_rlsk_pkg/package.sh'
[19.449s] INFO:colcon.colcon_core.shell:Creating package script '/thesis_project/robotgym_ws/install/ti_rlsk_pkg/share/ti_rlsk_pkg/package.bash'
[19.481s] INFO:colcon.colcon_core.shell:Creating package script '/thesis_project/robotgym_ws/install/ti_rlsk_pkg/share/ti_rlsk_pkg/package.zsh'
[19.512s] Level 1:colcon.colcon_core.environment:create_file_with_runtime_dependencies(/thesis_project/robotgym_ws/install/ti_rlsk_pkg/share/colcon-core/packages/ti_rlsk_pkg)
[19.536s] DEBUG:colcon.colcon_parallel_executor.executor.parallel:closing loop
[19.537s] DEBUG:colcon.colcon_parallel_executor.executor.parallel:loop closed
[19.537s] DEBUG:colcon.colcon_parallel_executor.executor.parallel:run_until_complete finished with '0'
[19.538s] DEBUG:colcon.colcon_core.event_reactor:joining thread
[19.659s] INFO:colcon.colcon_core.plugin_system:Skipping extension 'colcon_notification.desktop_notification.notify_send': Could not find 'notify-send'
[19.660s] INFO:colcon.colcon_core.plugin_system:Skipping extension 'colcon_notification.desktop_notification.terminal_notifier': Not used on non-Darwin systems
[19.660s] INFO:colcon.colcon_core.plugin_system:Skipping extension 'colcon_notification.desktop_notification.win32': Not used on non-Windows systems
[19.661s] INFO:colcon.colcon_notification.desktop_notification:Sending desktop notification using 'notify2'
[19.671s] DEBUG:colcon.colcon_notification.desktop_notification.notify2:Failed to initialize notify2: org.freedesktop.DBus.Error.ServiceUnknown: The name org.freedesktop.Notifications was not provided by any .service files
[19.672s] DEBUG:colcon.colcon_core.event_reactor:joined thread
[19.674s] INFO:colcon.colcon_core.shell:Creating prefix script '/thesis_project/robotgym_ws/install/local_setup.ps1'
[19.689s] INFO:colcon.colcon_core.shell:Creating prefix util module '/thesis_project/robotgym_ws/install/_local_setup_util_ps1.py'
[19.704s] INFO:colcon.colcon_core.shell:Creating prefix chain script '/thesis_project/robotgym_ws/install/setup.ps1'
[19.787s] INFO:colcon.colcon_core.shell:Creating prefix script '/thesis_project/robotgym_ws/install/local_setup.sh'
[19.800s] INFO:colcon.colcon_core.shell:Creating prefix util module '/thesis_project/robotgym_ws/install/_local_setup_util_sh.py'
[19.811s] INFO:colcon.colcon_core.shell:Creating prefix chain script '/thesis_project/robotgym_ws/install/setup.sh'
[19.888s] INFO:colcon.colcon_core.shell:Creating prefix script '/thesis_project/robotgym_ws/install/local_setup.bash'
[19.899s] INFO:colcon.colcon_core.shell:Creating prefix chain script '/thesis_project/robotgym_ws/install/setup.bash'
[19.959s] INFO:colcon.colcon_core.shell:Creating prefix script '/thesis_project/robotgym_ws/install/local_setup.zsh'
[19.971s] INFO:colcon.colcon_core.shell:Creating prefix chain script '/thesis_project/robotgym_ws/install/setup.zsh'
