running egg_info
creating ../../build/ti_rlsk_pkg/ti_rlsk_pkg.egg-info
writing ../../build/ti_rlsk_pkg/ti_rlsk_pkg.egg-info/PKG-INFO
writing dependency_links to ../../build/ti_rlsk_pkg/ti_rlsk_pkg.egg-info/dependency_links.txt
writing entry points to ../../build/ti_rlsk_pkg/ti_rlsk_pkg.egg-info/entry_points.txt
writing requirements to ../../build/ti_rlsk_pkg/ti_rlsk_pkg.egg-info/requires.txt
writing top-level names to ../../build/ti_rlsk_pkg/ti_rlsk_pkg.egg-info/top_level.txt
writing manifest file '../../build/ti_rlsk_pkg/ti_rlsk_pkg.egg-info/SOURCES.txt'
reading manifest file '../../build/ti_rlsk_pkg/ti_rlsk_pkg.egg-info/SOURCES.txt'
writing manifest file '../../build/ti_rlsk_pkg/ti_rlsk_pkg.egg-info/SOURCES.txt'
running build
running build_py
creating /thesis_project/robotgym_ws/build/ti_rlsk_pkg/build
creating /thesis_project/robotgym_ws/build/ti_rlsk_pkg/build/lib
creating /thesis_project/robotgym_ws/build/ti_rlsk_pkg/build/lib/ti_rlsk_pkg
copying ti_rlsk_pkg/__init__.py -> /thesis_project/robotgym_ws/build/ti_rlsk_pkg/build/lib/ti_rlsk_pkg
running install
running install_lib
creating /thesis_project/robotgym_ws/install/ti_rlsk_pkg/lib/python3.10/site-packages/ti_rlsk_pkg
copying /thesis_project/robotgym_ws/build/ti_rlsk_pkg/build/lib/ti_rlsk_pkg/__init__.py -> /thesis_project/robotgym_ws/install/ti_rlsk_pkg/lib/python3.10/site-packages/ti_rlsk_pkg
byte-compiling /thesis_project/robotgym_ws/install/ti_rlsk_pkg/lib/python3.10/site-packages/ti_rlsk_pkg/__init__.py to __init__.cpython-310.pyc
running install_data
creating /thesis_project/robotgym_ws/install/ti_rlsk_pkg/share/ament_index
creating /thesis_project/robotgym_ws/install/ti_rlsk_pkg/share/ament_index/resource_index
creating /thesis_project/robotgym_ws/install/ti_rlsk_pkg/share/ament_index/resource_index/packages
copying resource/ti_rlsk_pkg -> /thesis_project/robotgym_ws/install/ti_rlsk_pkg/share/ament_index/resource_index/packages
copying package.xml -> /thesis_project/robotgym_ws/install/ti_rlsk_pkg/share/ti_rlsk_pkg
creating /thesis_project/robotgym_ws/install/ti_rlsk_pkg/share/ti_rlsk_pkg/launch
error: can't copy 'launch/ti_rlsk_launch_file.py': doesn't exist or not a regular file
