[8.778s] Invoking command in '/thesis_project/robotgym_ws/src/ti_rlsk_pkg': PYTHONPATH=/thesis_project/robotgym_ws/build/ti_rlsk_pkg/prefix_override:/thesis_project/robotgym_ws/install/ti_rlsk_pkg/lib/python3.10/site-packages:${PYTHONPATH} /usr/bin/python3 -W ignore:setup.py install is deprecated setup.py egg_info --egg-base ../../build/ti_rlsk_pkg build --build-base /thesis_project/robotgym_ws/build/ti_rlsk_pkg/build install --record /thesis_project/robotgym_ws/build/ti_rlsk_pkg/install.log --single-version-externally-managed install_data
[12.630s] running egg_info
[12.644s] writing ../../build/ti_rlsk_pkg/ti_rlsk_pkg.egg-info/PKG-INFO
[12.658s] writing dependency_links to ../../build/ti_rlsk_pkg/ti_rlsk_pkg.egg-info/dependency_links.txt
[12.671s] writing entry points to ../../build/ti_rlsk_pkg/ti_rlsk_pkg.egg-info/entry_points.txt
[12.681s] writing requirements to ../../build/ti_rlsk_pkg/ti_rlsk_pkg.egg-info/requires.txt
[12.688s] writing top-level names to ../../build/ti_rlsk_pkg/ti_rlsk_pkg.egg-info/top_level.txt
[12.792s] reading manifest file '../../build/ti_rlsk_pkg/ti_rlsk_pkg.egg-info/SOURCES.txt'
[12.975s] writing manifest file '../../build/ti_rlsk_pkg/ti_rlsk_pkg.egg-info/SOURCES.txt'
[12.980s] running build
[12.982s] running build_py
[13.041s] copying ti_rlsk_pkg/robot_controller_template.py -> /thesis_project/robotgym_ws/build/ti_rlsk_pkg/build/lib/ti_rlsk_pkg
[13.229s] running install
[13.231s] running install_lib
[13.380s] copying /thesis_project/robotgym_ws/build/ti_rlsk_pkg/build/lib/ti_rlsk_pkg/robot_controller_template.py -> /thesis_project/robotgym_ws/install/ti_rlsk_pkg/lib/python3.10/site-packages/ti_rlsk_pkg
[13.792s] byte-compiling /thesis_project/robotgym_ws/install/ti_rlsk_pkg/lib/python3.10/site-packages/ti_rlsk_pkg/robot_controller_template.py to robot_controller_template.cpython-310.pyc
[14.036s] running install_data
[14.168s] running install_egg_info
[14.203s] removing '/thesis_project/robotgym_ws/install/ti_rlsk_pkg/lib/python3.10/site-packages/ti_rlsk_pkg-0.0.1-py3.10.egg-info' (and everything under it)
[14.331s] Copying ../../build/ti_rlsk_pkg/ti_rlsk_pkg.egg-info to /thesis_project/robotgym_ws/install/ti_rlsk_pkg/lib/python3.10/site-packages/ti_rlsk_pkg-0.0.1-py3.10.egg-info
[14.916s] running install_scripts
[15.265s] Installing move_robot_action_server script to /thesis_project/robotgym_ws/install/ti_rlsk_pkg/lib/ti_rlsk_pkg
[15.293s] Installing robot_controller_template script to /thesis_project/robotgym_ws/install/ti_rlsk_pkg/lib/ti_rlsk_pkg
[15.318s] Installing ti_rlsk_node script to /thesis_project/robotgym_ws/install/ti_rlsk_pkg/lib/ti_rlsk_pkg
[15.347s] writing list of installed files to '/thesis_project/robotgym_ws/build/ti_rlsk_pkg/install.log'
[15.403s] Invoked command in '/thesis_project/robotgym_ws/src/ti_rlsk_pkg' returned '0': PYTHONPATH=/thesis_project/robotgym_ws/build/ti_rlsk_pkg/prefix_override:/thesis_project/robotgym_ws/install/ti_rlsk_pkg/lib/python3.10/site-packages:${PYTHONPATH} /usr/bin/python3 -W ignore:setup.py install is deprecated setup.py egg_info --egg-base ../../build/ti_rlsk_pkg build --build-base /thesis_project/robotgym_ws/build/ti_rlsk_pkg/build install --record /thesis_project/robotgym_ws/build/ti_rlsk_pkg/install.log --single-version-externally-managed install_data
