[8.127s] Invoking command in '/thesis_project/robotgym_ws/src/ti_rlsk_pkg': PYTHONPATH=/thesis_project/robotgym_ws/build/ti_rlsk_pkg/prefix_override:/thesis_project/robotgym_ws/install/ti_rlsk_pkg/lib/python3.10/site-packages:${PYTHONPATH} /usr/bin/python3 -W ignore:setup.py install is deprecated setup.py egg_info --egg-base ../../build/ti_rlsk_pkg build --build-base /thesis_project/robotgym_ws/build/ti_rlsk_pkg/build install --record /thesis_project/robotgym_ws/build/ti_rlsk_pkg/install.log --single-version-externally-managed install_data
[11.730s] running egg_info
[11.746s] writing ../../build/ti_rlsk_pkg/ti_rlsk_pkg.egg-info/PKG-INFO
[11.762s] writing dependency_links to ../../build/ti_rlsk_pkg/ti_rlsk_pkg.egg-info/dependency_links.txt
[11.777s] writing entry points to ../../build/ti_rlsk_pkg/ti_rlsk_pkg.egg-info/entry_points.txt
[11.788s] writing requirements to ../../build/ti_rlsk_pkg/ti_rlsk_pkg.egg-info/requires.txt
[11.796s] writing top-level names to ../../build/ti_rlsk_pkg/ti_rlsk_pkg.egg-info/top_level.txt
[11.887s] reading manifest file '../../build/ti_rlsk_pkg/ti_rlsk_pkg.egg-info/SOURCES.txt'
[12.053s] writing manifest file '../../build/ti_rlsk_pkg/ti_rlsk_pkg.egg-info/SOURCES.txt'
[12.058s] running build
[12.060s] running build_py
[12.089s] running install
[12.090s] running install_lib
[12.223s] running install_data
[12.305s] copying launch/ti_rlsk_state_publisher_launch.py -> /thesis_project/robotgym_ws/install/ti_rlsk_pkg/share/ti_rlsk_pkg/launch
[12.363s] running install_egg_info
[12.402s] removing '/thesis_project/robotgym_ws/install/ti_rlsk_pkg/lib/python3.10/site-packages/ti_rlsk_pkg-0.0.1-py3.10.egg-info' (and everything under it)
[12.511s] Copying ../../build/ti_rlsk_pkg/ti_rlsk_pkg.egg-info to /thesis_project/robotgym_ws/install/ti_rlsk_pkg/lib/python3.10/site-packages/ti_rlsk_pkg-0.0.1-py3.10.egg-info
[13.082s] running install_scripts
[13.379s] Installing ti_rlsk_node script to /thesis_project/robotgym_ws/install/ti_rlsk_pkg/lib/ti_rlsk_pkg
[13.407s] writing list of installed files to '/thesis_project/robotgym_ws/build/ti_rlsk_pkg/install.log'
[13.450s] Invoked command in '/thesis_project/robotgym_ws/src/ti_rlsk_pkg' returned '0': PYTHONPATH=/thesis_project/robotgym_ws/build/ti_rlsk_pkg/prefix_override:/thesis_project/robotgym_ws/install/ti_rlsk_pkg/lib/python3.10/site-packages:${PYTHONPATH} /usr/bin/python3 -W ignore:setup.py install is deprecated setup.py egg_info --egg-base ../../build/ti_rlsk_pkg build --build-base /thesis_project/robotgym_ws/build/ti_rlsk_pkg/build install --record /thesis_project/robotgym_ws/build/ti_rlsk_pkg/install.log --single-version-externally-managed install_data
